2022/02/02 00:44:34 [emerg] 1#1: unknown directive "acces_log" in /etc/nginx/conf.d/default.conf:7
2022/02/02 00:47:20 [emerg] 1#1: unexpected "}" in /etc/nginx/conf.d/default.conf:45
2022/02/02 00:49:26 [emerg] 1#1: open() "/var/log/nginx/default.error/log" failed (2: No such file or directory)
2022/02/02 00:51:31 [notice] 1#1: using the "epoll" event method
2022/02/02 00:51:31 [notice] 1#1: nginx/1.21.5
2022/02/02 00:51:31 [notice] 1#1: built by gcc 10.2.1 20210110 (Debian 10.2.1-6) 
2022/02/02 00:51:31 [notice] 1#1: OS: Linux 5.16.4-arch1-1
2022/02/02 00:51:31 [notice] 1#1: getrlimit(RLIMIT_NOFILE): 1048576:1048576
2022/02/02 00:51:31 [notice] 1#1: start worker processes
2022/02/02 00:51:31 [notice] 1#1: start worker process 25
2022/02/02 00:51:31 [notice] 1#1: start worker process 26
2022/02/02 00:51:31 [notice] 1#1: start worker process 27
2022/02/02 00:51:31 [notice] 1#1: start worker process 28
2022/02/02 00:58:24 [notice] 1#1: signal 3 (SIGQUIT) received, shutting down
2022/02/02 00:58:24 [notice] 25#25: gracefully shutting down
2022/02/02 00:58:24 [notice] 26#26: gracefully shutting down
2022/02/02 00:58:24 [notice] 28#28: gracefully shutting down
2022/02/02 00:58:24 [notice] 25#25: exiting
2022/02/02 00:58:24 [notice] 26#26: exiting
2022/02/02 00:58:24 [notice] 28#28: exiting
2022/02/02 00:58:24 [notice] 25#25: exit
2022/02/02 00:58:24 [notice] 26#26: exit
2022/02/02 00:58:24 [notice] 28#28: exit
2022/02/02 00:58:24 [notice] 27#27: gracefully shutting down
2022/02/02 00:58:24 [notice] 27#27: exiting
2022/02/02 00:58:24 [notice] 27#27: exit
2022/02/02 00:58:24 [notice] 1#1: signal 17 (SIGCHLD) received from 25
2022/02/02 00:58:24 [notice] 1#1: worker process 25 exited with code 0
2022/02/02 00:58:24 [notice] 1#1: signal 29 (SIGIO) received
2022/02/02 00:58:24 [notice] 1#1: signal 17 (SIGCHLD) received from 28
2022/02/02 00:58:24 [notice] 1#1: worker process 28 exited with code 0
2022/02/02 00:58:24 [notice] 1#1: signal 29 (SIGIO) received
2022/02/02 00:58:24 [notice] 1#1: signal 17 (SIGCHLD) received from 27
2022/02/02 00:58:24 [notice] 1#1: worker process 27 exited with code 0
2022/02/02 00:58:24 [notice] 1#1: signal 17 (SIGCHLD) received from 26
2022/02/02 00:58:24 [notice] 1#1: worker process 26 exited with code 0
2022/02/02 00:58:24 [notice] 1#1: exit
2022/02/02 00:59:05 [notice] 1#1: using the "epoll" event method
2022/02/02 00:59:05 [notice] 1#1: nginx/1.21.5
2022/02/02 00:59:05 [notice] 1#1: built by gcc 10.2.1 20210110 (Debian 10.2.1-6) 
2022/02/02 00:59:05 [notice] 1#1: OS: Linux 5.16.4-arch1-1
2022/02/02 00:59:05 [notice] 1#1: getrlimit(RLIMIT_NOFILE): 1048576:1048576
2022/02/02 00:59:05 [notice] 1#1: start worker processes
2022/02/02 00:59:05 [notice] 1#1: start worker process 24
2022/02/02 00:59:05 [notice] 1#1: start worker process 25
2022/02/02 00:59:05 [notice] 1#1: start worker process 26
2022/02/02 00:59:05 [notice] 1#1: start worker process 27
2022/02/02 01:02:54 [notice] 1#1: signal 3 (SIGQUIT) received, shutting down
2022/02/02 01:02:54 [notice] 24#24: gracefully shutting down
2022/02/02 01:02:54 [notice] 26#26: gracefully shutting down
2022/02/02 01:02:54 [notice] 24#24: exiting
2022/02/02 01:02:54 [notice] 25#25: gracefully shutting down
2022/02/02 01:02:54 [notice] 26#26: exiting
2022/02/02 01:02:54 [notice] 25#25: exiting
2022/02/02 01:02:54 [notice] 24#24: exit
2022/02/02 01:02:54 [notice] 26#26: exit
2022/02/02 01:02:54 [notice] 25#25: exit
2022/02/02 01:02:54 [notice] 27#27: gracefully shutting down
2022/02/02 01:02:54 [notice] 27#27: exiting
2022/02/02 01:02:54 [notice] 27#27: exit
2022/02/02 01:02:54 [notice] 1#1: signal 17 (SIGCHLD) received from 24
2022/02/02 01:02:54 [notice] 1#1: worker process 24 exited with code 0
2022/02/02 01:02:54 [notice] 1#1: signal 29 (SIGIO) received
2022/02/02 01:02:54 [notice] 1#1: signal 17 (SIGCHLD) received from 27
2022/02/02 01:02:54 [notice] 1#1: worker process 27 exited with code 0
2022/02/02 01:02:54 [notice] 1#1: signal 29 (SIGIO) received
2022/02/02 01:02:54 [notice] 1#1: signal 17 (SIGCHLD) received from 26
2022/02/02 01:02:54 [notice] 1#1: worker process 25 exited with code 0
2022/02/02 01:02:54 [notice] 1#1: worker process 26 exited with code 0
2022/02/02 01:02:54 [notice] 1#1: exit
2022/02/02 01:03:33 [notice] 1#1: using the "epoll" event method
2022/02/02 01:03:33 [notice] 1#1: nginx/1.21.5
2022/02/02 01:03:33 [notice] 1#1: built by gcc 10.2.1 20210110 (Debian 10.2.1-6) 
2022/02/02 01:03:33 [notice] 1#1: OS: Linux 5.16.4-arch1-1
2022/02/02 01:03:33 [notice] 1#1: getrlimit(RLIMIT_NOFILE): 1048576:1048576
2022/02/02 01:03:33 [notice] 1#1: start worker processes
2022/02/02 01:03:33 [notice] 1#1: start worker process 24
2022/02/02 01:03:33 [notice] 1#1: start worker process 25
2022/02/02 01:03:33 [notice] 1#1: start worker process 26
2022/02/02 01:03:33 [notice] 1#1: start worker process 27
2022/02/02 01:08:13 [notice] 1#1: signal 3 (SIGQUIT) received, shutting down
2022/02/02 01:08:13 [notice] 24#24: gracefully shutting down
2022/02/02 01:08:13 [notice] 25#25: gracefully shutting down
2022/02/02 01:08:13 [notice] 26#26: gracefully shutting down
2022/02/02 01:08:13 [notice] 24#24: exiting
2022/02/02 01:08:13 [notice] 25#25: exiting
2022/02/02 01:08:13 [notice] 26#26: exiting
2022/02/02 01:08:13 [notice] 26#26: exit
2022/02/02 01:08:13 [notice] 24#24: exit
2022/02/02 01:08:13 [notice] 25#25: exit
2022/02/02 01:08:13 [notice] 27#27: gracefully shutting down
2022/02/02 01:08:13 [notice] 27#27: exiting
2022/02/02 01:08:13 [notice] 27#27: exit
2022/02/02 01:08:13 [notice] 1#1: signal 17 (SIGCHLD) received from 25
2022/02/02 01:08:13 [notice] 1#1: worker process 25 exited with code 0
2022/02/02 01:08:13 [notice] 1#1: signal 29 (SIGIO) received
2022/02/02 01:08:13 [notice] 1#1: signal 17 (SIGCHLD) received from 24
2022/02/02 01:08:13 [notice] 1#1: worker process 24 exited with code 0
2022/02/02 01:08:13 [notice] 1#1: signal 29 (SIGIO) received
2022/02/02 01:08:13 [notice] 1#1: signal 17 (SIGCHLD) received from 27
2022/02/02 01:08:13 [notice] 1#1: worker process 26 exited with code 0
2022/02/02 01:08:13 [notice] 1#1: worker process 27 exited with code 0
2022/02/02 01:08:13 [notice] 1#1: exit
2022/02/02 01:08:55 [notice] 1#1: using the "epoll" event method
2022/02/02 01:08:55 [notice] 1#1: nginx/1.21.5
2022/02/02 01:08:55 [notice] 1#1: built by gcc 10.2.1 20210110 (Debian 10.2.1-6) 
2022/02/02 01:08:55 [notice] 1#1: OS: Linux 5.16.4-arch1-1
2022/02/02 01:08:55 [notice] 1#1: getrlimit(RLIMIT_NOFILE): 1048576:1048576
2022/02/02 01:08:55 [notice] 1#1: start worker processes
2022/02/02 01:08:55 [notice] 1#1: start worker process 24
2022/02/02 01:08:55 [notice] 1#1: start worker process 25
2022/02/02 01:08:55 [notice] 1#1: start worker process 26
2022/02/02 01:08:55 [notice] 1#1: start worker process 27
2022/02/02 01:14:31 [notice] 1#1: signal 3 (SIGQUIT) received, shutting down
2022/02/02 01:14:31 [notice] 24#24: gracefully shutting down
2022/02/02 01:14:31 [notice] 25#25: gracefully shutting down
2022/02/02 01:14:31 [notice] 26#26: gracefully shutting down
2022/02/02 01:14:31 [notice] 27#27: gracefully shutting down
2022/02/02 01:14:31 [notice] 25#25: exiting
2022/02/02 01:14:31 [notice] 27#27: exiting
2022/02/02 01:14:31 [notice] 24#24: exiting
2022/02/02 01:14:31 [notice] 26#26: exiting
2022/02/02 01:14:31 [notice] 27#27: exit
2022/02/02 01:14:31 [notice] 24#24: exit
2022/02/02 01:14:31 [notice] 26#26: exit
2022/02/02 01:14:31 [notice] 25#25: exit
2022/02/02 01:14:31 [notice] 1#1: signal 17 (SIGCHLD) received from 25
2022/02/02 01:14:31 [notice] 1#1: worker process 25 exited with code 0
2022/02/02 01:14:31 [notice] 1#1: signal 29 (SIGIO) received
2022/02/02 01:14:31 [notice] 1#1: signal 17 (SIGCHLD) received from 24
2022/02/02 01:14:31 [notice] 1#1: worker process 24 exited with code 0
2022/02/02 01:14:31 [notice] 1#1: worker process 26 exited with code 0
2022/02/02 01:14:31 [notice] 1#1: signal 29 (SIGIO) received
2022/02/02 01:14:31 [notice] 1#1: signal 17 (SIGCHLD) received from 27
2022/02/02 01:14:31 [notice] 1#1: worker process 27 exited with code 0
2022/02/02 01:14:31 [notice] 1#1: exit
2022/02/02 01:15:15 [notice] 1#1: using the "epoll" event method
2022/02/02 01:15:15 [notice] 1#1: nginx/1.21.5
2022/02/02 01:15:15 [notice] 1#1: built by gcc 10.2.1 20210110 (Debian 10.2.1-6) 
2022/02/02 01:15:15 [notice] 1#1: OS: Linux 5.16.4-arch1-1
2022/02/02 01:15:15 [notice] 1#1: getrlimit(RLIMIT_NOFILE): 1048576:1048576
2022/02/02 01:15:15 [notice] 1#1: start worker processes
2022/02/02 01:15:15 [notice] 1#1: start worker process 24
2022/02/02 01:15:15 [notice] 1#1: start worker process 25
2022/02/02 01:15:15 [notice] 1#1: start worker process 26
2022/02/02 01:15:15 [notice] 1#1: start worker process 27
2022/02/02 01:16:54 [notice] 1#1: signal 3 (SIGQUIT) received, shutting down
2022/02/02 01:16:54 [notice] 24#24: gracefully shutting down
2022/02/02 01:16:54 [notice] 25#25: gracefully shutting down
2022/02/02 01:16:54 [notice] 27#27: gracefully shutting down
2022/02/02 01:16:54 [notice] 24#24: exiting
2022/02/02 01:16:54 [notice] 25#25: exiting
2022/02/02 01:16:54 [notice] 27#27: exiting
2022/02/02 01:16:54 [notice] 25#25: exit
2022/02/02 01:16:54 [notice] 24#24: exit
2022/02/02 01:16:54 [notice] 27#27: exit
2022/02/02 01:16:54 [notice] 26#26: gracefully shutting down
2022/02/02 01:16:54 [notice] 26#26: exiting
2022/02/02 01:16:54 [notice] 26#26: exit
2022/02/02 01:16:54 [notice] 1#1: signal 17 (SIGCHLD) received from 25
2022/02/02 01:16:54 [notice] 1#1: worker process 25 exited with code 0
2022/02/02 01:16:54 [notice] 1#1: signal 29 (SIGIO) received
2022/02/02 01:16:54 [notice] 1#1: signal 17 (SIGCHLD) received from 27
2022/02/02 01:16:54 [notice] 1#1: worker process 27 exited with code 0
2022/02/02 01:16:54 [notice] 1#1: signal 29 (SIGIO) received
2022/02/02 01:16:54 [notice] 1#1: signal 17 (SIGCHLD) received from 24
2022/02/02 01:16:54 [notice] 1#1: worker process 24 exited with code 0
2022/02/02 01:16:54 [notice] 1#1: signal 29 (SIGIO) received
2022/02/02 01:16:54 [notice] 1#1: signal 17 (SIGCHLD) received from 26
2022/02/02 01:16:54 [notice] 1#1: worker process 26 exited with code 0
2022/02/02 01:16:54 [notice] 1#1: exit
2022/02/02 01:17:37 [notice] 1#1: using the "epoll" event method
2022/02/02 01:17:37 [notice] 1#1: nginx/1.21.5
2022/02/02 01:17:37 [notice] 1#1: built by gcc 10.2.1 20210110 (Debian 10.2.1-6) 
2022/02/02 01:17:37 [notice] 1#1: OS: Linux 5.16.4-arch1-1
2022/02/02 01:17:37 [notice] 1#1: getrlimit(RLIMIT_NOFILE): 1048576:1048576
2022/02/02 01:17:37 [notice] 1#1: start worker processes
2022/02/02 01:17:37 [notice] 1#1: start worker process 24
2022/02/02 01:17:37 [notice] 1#1: start worker process 25
2022/02/02 01:17:37 [notice] 1#1: start worker process 26
2022/02/02 01:17:37 [notice] 1#1: start worker process 27
2022/02/02 01:29:27 [notice] 1#1: signal 3 (SIGQUIT) received, shutting down
2022/02/02 01:29:27 [notice] 24#24: gracefully shutting down
2022/02/02 01:29:27 [notice] 24#24: exiting
2022/02/02 01:29:27 [notice] 25#25: gracefully shutting down
2022/02/02 01:29:27 [notice] 24#24: exit
2022/02/02 01:29:27 [notice] 25#25: exiting
2022/02/02 01:29:27 [notice] 25#25: exit
2022/02/02 01:29:27 [notice] 27#27: gracefully shutting down
2022/02/02 01:29:27 [notice] 26#26: gracefully shutting down
2022/02/02 01:29:27 [notice] 27#27: exiting
2022/02/02 01:29:27 [notice] 26#26: exiting
2022/02/02 01:29:27 [notice] 27#27: exit
2022/02/02 01:29:27 [notice] 26#26: exit
2022/02/02 01:29:27 [notice] 1#1: signal 17 (SIGCHLD) received from 24
2022/02/02 01:29:27 [notice] 1#1: worker process 24 exited with code 0
2022/02/02 01:29:27 [notice] 1#1: signal 29 (SIGIO) received
2022/02/02 01:29:27 [notice] 1#1: signal 17 (SIGCHLD) received from 25
2022/02/02 01:29:27 [notice] 1#1: worker process 25 exited with code 0
2022/02/02 01:29:27 [notice] 1#1: signal 29 (SIGIO) received
2022/02/02 01:29:27 [notice] 1#1: signal 17 (SIGCHLD) received from 26
2022/02/02 01:29:27 [notice] 1#1: worker process 26 exited with code 0
2022/02/02 01:29:27 [notice] 1#1: signal 29 (SIGIO) received
2022/02/02 01:29:27 [notice] 1#1: signal 17 (SIGCHLD) received from 27
2022/02/02 01:29:27 [notice] 1#1: worker process 27 exited with code 0
2022/02/02 01:29:27 [notice] 1#1: exit
2022/02/02 01:30:05 [notice] 1#1: using the "epoll" event method
2022/02/02 01:30:05 [notice] 1#1: nginx/1.21.5
2022/02/02 01:30:05 [notice] 1#1: built by gcc 10.2.1 20210110 (Debian 10.2.1-6) 
2022/02/02 01:30:05 [notice] 1#1: OS: Linux 5.16.4-arch1-1
2022/02/02 01:30:05 [notice] 1#1: getrlimit(RLIMIT_NOFILE): 1048576:1048576
2022/02/02 01:30:05 [notice] 1#1: start worker processes
2022/02/02 01:30:05 [notice] 1#1: start worker process 24
2022/02/02 01:30:05 [notice] 1#1: start worker process 25
2022/02/02 01:30:05 [notice] 1#1: start worker process 26
2022/02/02 01:30:05 [notice] 1#1: start worker process 27
2022/02/02 01:31:49 [notice] 1#1: signal 3 (SIGQUIT) received, shutting down
2022/02/02 01:31:49 [notice] 24#24: gracefully shutting down
2022/02/02 01:31:49 [notice] 27#27: gracefully shutting down
2022/02/02 01:31:49 [notice] 26#26: gracefully shutting down
2022/02/02 01:31:49 [notice] 24#24: exiting
2022/02/02 01:31:49 [notice] 27#27: exiting
2022/02/02 01:31:49 [notice] 26#26: exiting
2022/02/02 01:31:49 [notice] 24#24: exit
2022/02/02 01:31:49 [notice] 26#26: exit
2022/02/02 01:31:49 [notice] 27#27: exit
2022/02/02 01:31:49 [notice] 25#25: gracefully shutting down
2022/02/02 01:31:49 [notice] 25#25: exiting
2022/02/02 01:31:49 [notice] 25#25: exit
2022/02/02 01:31:49 [notice] 1#1: signal 17 (SIGCHLD) received from 25
2022/02/02 01:31:49 [notice] 1#1: worker process 25 exited with code 0
2022/02/02 01:31:49 [notice] 1#1: signal 29 (SIGIO) received
2022/02/02 01:31:49 [notice] 1#1: signal 17 (SIGCHLD) received from 27
2022/02/02 01:31:49 [notice] 1#1: worker process 27 exited with code 0
2022/02/02 01:31:49 [notice] 1#1: signal 29 (SIGIO) received
2022/02/02 01:31:49 [notice] 1#1: signal 17 (SIGCHLD) received from 24
2022/02/02 01:31:49 [notice] 1#1: worker process 24 exited with code 0
2022/02/02 01:31:49 [notice] 1#1: signal 29 (SIGIO) received
2022/02/02 01:31:49 [notice] 1#1: signal 17 (SIGCHLD) received from 26
2022/02/02 01:31:49 [notice] 1#1: worker process 26 exited with code 0
2022/02/02 01:31:49 [notice] 1#1: exit
2022/02/02 01:33:06 [notice] 1#1: using the "epoll" event method
2022/02/02 01:33:06 [notice] 1#1: nginx/1.21.5
2022/02/02 01:33:06 [notice] 1#1: built by gcc 10.2.1 20210110 (Debian 10.2.1-6) 
2022/02/02 01:33:06 [notice] 1#1: OS: Linux 5.16.4-arch1-1
2022/02/02 01:33:06 [notice] 1#1: getrlimit(RLIMIT_NOFILE): 1048576:1048576
2022/02/02 01:33:06 [notice] 1#1: start worker processes
2022/02/02 01:33:06 [notice] 1#1: start worker process 25
2022/02/02 01:33:06 [notice] 1#1: start worker process 26
2022/02/02 01:33:06 [notice] 1#1: start worker process 27
2022/02/02 01:33:06 [notice] 1#1: start worker process 28
2022/02/02 01:55:50 [notice] 1#1: signal 3 (SIGQUIT) received, shutting down
2022/02/02 01:55:50 [notice] 25#25: gracefully shutting down
2022/02/02 01:55:50 [notice] 25#25: exiting
2022/02/02 01:55:50 [notice] 26#26: gracefully shutting down
2022/02/02 01:55:50 [notice] 27#27: gracefully shutting down
2022/02/02 01:55:50 [notice] 26#26: exiting
2022/02/02 01:55:50 [notice] 27#27: exiting
2022/02/02 01:55:50 [notice] 25#25: exit
2022/02/02 01:55:50 [notice] 26#26: exit
2022/02/02 01:55:50 [notice] 27#27: exit
2022/02/02 01:55:50 [notice] 28#28: gracefully shutting down
2022/02/02 01:55:50 [notice] 28#28: exiting
2022/02/02 01:55:50 [notice] 28#28: exit
2022/02/02 01:55:50 [notice] 1#1: signal 17 (SIGCHLD) received from 27
2022/02/02 01:55:50 [notice] 1#1: worker process 27 exited with code 0
2022/02/02 01:55:50 [notice] 1#1: signal 29 (SIGIO) received
2022/02/02 01:55:50 [notice] 1#1: signal 17 (SIGCHLD) received from 28
2022/02/02 01:55:50 [notice] 1#1: worker process 26 exited with code 0
2022/02/02 01:55:50 [notice] 1#1: worker process 28 exited with code 0
2022/02/02 01:55:50 [notice] 1#1: signal 29 (SIGIO) received
2022/02/02 01:55:50 [notice] 1#1: signal 17 (SIGCHLD) received from 25
2022/02/02 01:55:50 [notice] 1#1: worker process 25 exited with code 0
2022/02/02 01:55:50 [notice] 1#1: exit
2022/02/02 01:56:29 [notice] 1#1: using the "epoll" event method
2022/02/02 01:56:29 [notice] 1#1: nginx/1.21.5
2022/02/02 01:56:29 [notice] 1#1: built by gcc 10.2.1 20210110 (Debian 10.2.1-6) 
2022/02/02 01:56:29 [notice] 1#1: OS: Linux 5.16.4-arch1-1
2022/02/02 01:56:29 [notice] 1#1: getrlimit(RLIMIT_NOFILE): 1048576:1048576
2022/02/02 01:56:29 [notice] 1#1: start worker processes
2022/02/02 01:56:29 [notice] 1#1: start worker process 24
2022/02/02 01:56:29 [notice] 1#1: start worker process 25
2022/02/02 01:56:29 [notice] 1#1: start worker process 26
2022/02/02 01:56:29 [notice] 1#1: start worker process 27
2022/02/02 02:04:04 [notice] 1#1: signal 3 (SIGQUIT) received, shutting down
2022/02/02 02:04:04 [notice] 24#24: gracefully shutting down
2022/02/02 02:04:04 [notice] 25#25: gracefully shutting down
2022/02/02 02:04:04 [notice] 26#26: gracefully shutting down
2022/02/02 02:04:04 [notice] 24#24: exiting
2022/02/02 02:04:04 [notice] 26#26: exiting
2022/02/02 02:04:04 [notice] 25#25: exiting
2022/02/02 02:04:04 [notice] 24#24: exit
2022/02/02 02:04:04 [notice] 25#25: exit
2022/02/02 02:04:04 [notice] 26#26: exit
2022/02/02 02:04:04 [notice] 27#27: gracefully shutting down
2022/02/02 02:04:04 [notice] 27#27: exiting
2022/02/02 02:04:04 [notice] 27#27: exit
2022/02/02 02:04:04 [notice] 1#1: signal 17 (SIGCHLD) received from 24
2022/02/02 02:04:04 [notice] 1#1: worker process 24 exited with code 0
2022/02/02 02:04:04 [notice] 1#1: signal 29 (SIGIO) received
2022/02/02 02:04:04 [notice] 1#1: signal 17 (SIGCHLD) received from 27
2022/02/02 02:04:04 [notice] 1#1: worker process 26 exited with code 0
2022/02/02 02:04:04 [notice] 1#1: worker process 27 exited with code 0
2022/02/02 02:04:04 [notice] 1#1: signal 29 (SIGIO) received
2022/02/02 02:04:04 [notice] 1#1: signal 17 (SIGCHLD) received from 25
2022/02/02 02:04:04 [notice] 1#1: worker process 25 exited with code 0
2022/02/02 02:04:04 [notice] 1#1: exit
2022/02/02 02:05:59 [notice] 1#1: using the "epoll" event method
2022/02/02 02:05:59 [notice] 1#1: nginx/1.21.5
2022/02/02 02:05:59 [notice] 1#1: built by gcc 10.2.1 20210110 (Debian 10.2.1-6) 
2022/02/02 02:05:59 [notice] 1#1: OS: Linux 5.16.4-arch1-1
2022/02/02 02:05:59 [notice] 1#1: getrlimit(RLIMIT_NOFILE): 1048576:1048576
2022/02/02 02:05:59 [notice] 1#1: start worker processes
2022/02/02 02:05:59 [notice] 1#1: start worker process 24
2022/02/02 02:05:59 [notice] 1#1: start worker process 25
2022/02/02 02:05:59 [notice] 1#1: start worker process 26
2022/02/02 02:05:59 [notice] 1#1: start worker process 27
2022/02/02 02:08:06 [notice] 1#1: signal 3 (SIGQUIT) received, shutting down
2022/02/02 02:08:06 [notice] 24#24: gracefully shutting down
2022/02/02 02:08:06 [notice] 25#25: gracefully shutting down
2022/02/02 02:08:06 [notice] 24#24: exiting
2022/02/02 02:08:06 [notice] 25#25: exiting
2022/02/02 02:08:06 [notice] 26#26: gracefully shutting down
2022/02/02 02:08:06 [notice] 24#24: exit
2022/02/02 02:08:06 [notice] 26#26: exiting
2022/02/02 02:08:06 [notice] 25#25: exit
2022/02/02 02:08:06 [notice] 26#26: exit
2022/02/02 02:08:06 [notice] 27#27: gracefully shutting down
2022/02/02 02:08:06 [notice] 27#27: exiting
2022/02/02 02:08:06 [notice] 27#27: exit
2022/02/02 02:08:06 [notice] 1#1: signal 17 (SIGCHLD) received from 25
2022/02/02 02:08:06 [notice] 1#1: worker process 25 exited with code 0
2022/02/02 02:08:06 [notice] 1#1: worker process 27 exited with code 0
2022/02/02 02:08:06 [notice] 1#1: signal 29 (SIGIO) received
2022/02/02 02:08:06 [notice] 1#1: signal 17 (SIGCHLD) received from 26
2022/02/02 02:08:06 [notice] 1#1: worker process 26 exited with code 0
2022/02/02 02:08:06 [notice] 1#1: signal 29 (SIGIO) received
2022/02/02 02:08:06 [notice] 1#1: signal 17 (SIGCHLD) received from 24
2022/02/02 02:08:06 [notice] 1#1: worker process 24 exited with code 0
2022/02/02 02:08:06 [notice] 1#1: exit
2022/02/02 02:10:44 [notice] 1#1: using the "epoll" event method
2022/02/02 02:10:44 [notice] 1#1: nginx/1.21.5
2022/02/02 02:10:44 [notice] 1#1: built by gcc 10.2.1 20210110 (Debian 10.2.1-6) 
2022/02/02 02:10:44 [notice] 1#1: OS: Linux 5.16.4-arch1-1
2022/02/02 02:10:44 [notice] 1#1: getrlimit(RLIMIT_NOFILE): 1048576:1048576
2022/02/02 02:10:44 [notice] 1#1: start worker processes
2022/02/02 02:10:44 [notice] 1#1: start worker process 24
2022/02/02 02:10:44 [notice] 1#1: start worker process 25
2022/02/02 02:10:44 [notice] 1#1: start worker process 26
2022/02/02 02:10:44 [notice] 1#1: start worker process 27
2022/02/02 02:17:07 [notice] 1#1: signal 3 (SIGQUIT) received, shutting down
2022/02/02 02:17:07 [notice] 24#24: gracefully shutting down
2022/02/02 02:17:07 [notice] 24#24: exiting
2022/02/02 02:17:07 [notice] 25#25: gracefully shutting down
2022/02/02 02:17:07 [notice] 26#26: gracefully shutting down
2022/02/02 02:17:07 [notice] 25#25: exiting
2022/02/02 02:17:07 [notice] 24#24: exit
2022/02/02 02:17:07 [notice] 26#26: exiting
2022/02/02 02:17:07 [notice] 25#25: exit
2022/02/02 02:17:07 [notice] 26#26: exit
2022/02/02 02:17:07 [notice] 27#27: gracefully shutting down
2022/02/02 02:17:07 [notice] 27#27: exiting
2022/02/02 02:17:07 [notice] 27#27: exit
2022/02/02 02:17:07 [notice] 1#1: signal 17 (SIGCHLD) received from 25
2022/02/02 02:17:07 [notice] 1#1: worker process 25 exited with code 0
2022/02/02 02:17:07 [notice] 1#1: signal 29 (SIGIO) received
2022/02/02 02:17:07 [notice] 1#1: signal 17 (SIGCHLD) received from 24
2022/02/02 02:17:07 [notice] 1#1: worker process 24 exited with code 0
2022/02/02 02:17:07 [notice] 1#1: signal 29 (SIGIO) received
2022/02/02 02:17:07 [notice] 1#1: signal 17 (SIGCHLD) received from 26
2022/02/02 02:17:07 [notice] 1#1: worker process 26 exited with code 0
2022/02/02 02:17:07 [notice] 1#1: signal 29 (SIGIO) received
2022/02/02 02:17:07 [notice] 1#1: signal 17 (SIGCHLD) received from 27
2022/02/02 02:17:07 [notice] 1#1: worker process 27 exited with code 0
2022/02/02 02:17:07 [notice] 1#1: exit
2022/02/02 02:20:57 [notice] 1#1: using the "epoll" event method
2022/02/02 02:20:57 [notice] 1#1: nginx/1.21.5
2022/02/02 02:20:57 [notice] 1#1: built by gcc 10.2.1 20210110 (Debian 10.2.1-6) 
2022/02/02 02:20:57 [notice] 1#1: OS: Linux 5.16.4-arch1-1
2022/02/02 02:20:57 [notice] 1#1: getrlimit(RLIMIT_NOFILE): 1048576:1048576
2022/02/02 02:20:57 [notice] 1#1: start worker processes
2022/02/02 02:20:57 [notice] 1#1: start worker process 25
2022/02/02 02:20:57 [notice] 1#1: start worker process 26
2022/02/02 02:20:57 [notice] 1#1: start worker process 27
2022/02/02 02:20:57 [notice] 1#1: start worker process 28
2022/02/02 02:34:37 [notice] 1#1: signal 3 (SIGQUIT) received, shutting down
2022/02/02 02:34:37 [notice] 25#25: gracefully shutting down
2022/02/02 02:34:37 [notice] 25#25: exiting
2022/02/02 02:34:37 [notice] 28#28: gracefully shutting down
2022/02/02 02:34:37 [notice] 28#28: exiting
2022/02/02 02:34:37 [notice] 25#25: exit
2022/02/02 02:34:37 [notice] 28#28: exit
2022/02/02 02:34:37 [notice] 26#26: gracefully shutting down
2022/02/02 02:34:37 [notice] 26#26: exiting
2022/02/02 02:34:37 [notice] 27#27: gracefully shutting down
2022/02/02 02:34:37 [notice] 26#26: exit
2022/02/02 02:34:37 [notice] 27#27: exiting
2022/02/02 02:34:37 [notice] 27#27: exit
2022/02/02 02:34:37 [notice] 1#1: signal 17 (SIGCHLD) received from 27
2022/02/02 02:34:37 [notice] 1#1: worker process 27 exited with code 0
2022/02/02 02:34:37 [notice] 1#1: signal 29 (SIGIO) received
2022/02/02 02:34:37 [notice] 1#1: signal 17 (SIGCHLD) received from 26
2022/02/02 02:34:37 [notice] 1#1: worker process 26 exited with code 0
2022/02/02 02:34:37 [notice] 1#1: signal 29 (SIGIO) received
2022/02/02 02:34:37 [notice] 1#1: signal 17 (SIGCHLD) received from 25
2022/02/02 02:34:37 [notice] 1#1: worker process 25 exited with code 0
2022/02/02 02:34:37 [notice] 1#1: signal 17 (SIGCHLD) received from 28
2022/02/02 02:34:37 [notice] 1#1: worker process 28 exited with code 0
2022/02/02 02:34:37 [notice] 1#1: exit
2022/02/02 02:35:36 [notice] 1#1: using the "epoll" event method
2022/02/02 02:35:36 [notice] 1#1: nginx/1.21.5
2022/02/02 02:35:36 [notice] 1#1: built by gcc 10.2.1 20210110 (Debian 10.2.1-6) 
2022/02/02 02:35:36 [notice] 1#1: OS: Linux 5.16.4-arch1-1
2022/02/02 02:35:36 [notice] 1#1: getrlimit(RLIMIT_NOFILE): 1048576:1048576
2022/02/02 02:35:36 [notice] 1#1: start worker processes
2022/02/02 02:35:36 [notice] 1#1: start worker process 24
2022/02/02 02:35:36 [notice] 1#1: start worker process 25
2022/02/02 02:35:36 [notice] 1#1: start worker process 26
2022/02/02 02:35:36 [notice] 1#1: start worker process 27
2022/02/02 02:42:39 [notice] 1#1: signal 3 (SIGQUIT) received, shutting down
2022/02/02 02:42:39 [notice] 24#24: gracefully shutting down
2022/02/02 02:42:39 [notice] 27#27: gracefully shutting down
2022/02/02 02:42:39 [notice] 24#24: exiting
2022/02/02 02:42:39 [notice] 27#27: exiting
2022/02/02 02:42:39 [notice] 25#25: gracefully shutting down
2022/02/02 02:42:39 [notice] 24#24: exit
2022/02/02 02:42:39 [notice] 25#25: exiting
2022/02/02 02:42:39 [notice] 27#27: exit
2022/02/02 02:42:39 [notice] 25#25: exit
2022/02/02 02:42:39 [notice] 26#26: gracefully shutting down
2022/02/02 02:42:39 [notice] 26#26: exiting
2022/02/02 02:42:39 [notice] 26#26: exit
2022/02/02 02:42:39 [notice] 1#1: signal 17 (SIGCHLD) received from 26
2022/02/02 02:42:39 [notice] 1#1: worker process 26 exited with code 0
2022/02/02 02:42:39 [notice] 1#1: signal 29 (SIGIO) received
2022/02/02 02:42:39 [notice] 1#1: signal 17 (SIGCHLD) received from 27
2022/02/02 02:42:39 [notice] 1#1: worker process 27 exited with code 0
2022/02/02 02:42:39 [notice] 1#1: signal 29 (SIGIO) received
2022/02/02 02:42:39 [notice] 1#1: signal 17 (SIGCHLD) received from 25
2022/02/02 02:42:39 [notice] 1#1: worker process 25 exited with code 0
2022/02/02 02:42:39 [notice] 1#1: signal 29 (SIGIO) received
2022/02/02 02:42:39 [notice] 1#1: signal 17 (SIGCHLD) received from 24
2022/02/02 02:42:39 [notice] 1#1: worker process 24 exited with code 0
2022/02/02 02:42:39 [notice] 1#1: exit
2022/02/02 02:50:22 [notice] 1#1: using the "epoll" event method
2022/02/02 02:50:22 [notice] 1#1: nginx/1.21.5
2022/02/02 02:50:22 [notice] 1#1: built by gcc 10.2.1 20210110 (Debian 10.2.1-6) 
2022/02/02 02:50:22 [notice] 1#1: OS: Linux 5.16.4-arch1-1
2022/02/02 02:50:22 [notice] 1#1: getrlimit(RLIMIT_NOFILE): 1048576:1048576
2022/02/02 02:50:22 [notice] 1#1: start worker processes
2022/02/02 02:50:22 [notice] 1#1: start worker process 24
2022/02/02 02:50:22 [notice] 1#1: start worker process 25
2022/02/02 02:50:22 [notice] 1#1: start worker process 26
2022/02/02 02:50:22 [notice] 1#1: start worker process 27
2022/02/02 02:50:46 [notice] 1#1: signal 3 (SIGQUIT) received, shutting down
2022/02/02 02:50:46 [notice] 24#24: gracefully shutting down
2022/02/02 02:50:46 [notice] 25#25: gracefully shutting down
2022/02/02 02:50:46 [notice] 26#26: gracefully shutting down
2022/02/02 02:50:46 [notice] 26#26: exiting
2022/02/02 02:50:46 [notice] 25#25: exiting
2022/02/02 02:50:46 [notice] 24#24: exiting
2022/02/02 02:50:46 [notice] 26#26: exit
2022/02/02 02:50:46 [notice] 25#25: exit
2022/02/02 02:50:46 [notice] 24#24: exit
2022/02/02 02:50:46 [notice] 27#27: gracefully shutting down
2022/02/02 02:50:46 [notice] 27#27: exiting
2022/02/02 02:50:46 [notice] 27#27: exit
2022/02/02 02:50:46 [notice] 1#1: signal 17 (SIGCHLD) received from 26
2022/02/02 02:50:46 [notice] 1#1: worker process 26 exited with code 0
2022/02/02 02:50:46 [notice] 1#1: signal 29 (SIGIO) received
2022/02/02 02:50:46 [notice] 1#1: signal 17 (SIGCHLD) received from 25
2022/02/02 02:50:46 [notice] 1#1: worker process 25 exited with code 0
2022/02/02 02:50:46 [notice] 1#1: signal 29 (SIGIO) received
2022/02/02 02:50:46 [notice] 1#1: signal 17 (SIGCHLD) received from 27
2022/02/02 02:50:46 [notice] 1#1: worker process 24 exited with code 0
2022/02/02 02:50:46 [notice] 1#1: worker process 27 exited with code 0
2022/02/02 02:50:46 [notice] 1#1: exit
2022/02/02 02:54:52 [notice] 1#1: using the "epoll" event method
2022/02/02 02:54:52 [notice] 1#1: nginx/1.21.5
2022/02/02 02:54:52 [notice] 1#1: built by gcc 10.2.1 20210110 (Debian 10.2.1-6) 
2022/02/02 02:54:52 [notice] 1#1: OS: Linux 5.16.4-arch1-1
2022/02/02 02:54:52 [notice] 1#1: getrlimit(RLIMIT_NOFILE): 1048576:1048576
2022/02/02 02:54:52 [notice] 1#1: start worker processes
2022/02/02 02:54:52 [notice] 1#1: start worker process 24
2022/02/02 02:54:52 [notice] 1#1: start worker process 25
2022/02/02 02:54:52 [notice] 1#1: start worker process 26
2022/02/02 02:54:52 [notice] 1#1: start worker process 27
2022/02/02 02:55:58 [notice] 1#1: signal 3 (SIGQUIT) received, shutting down
2022/02/02 02:55:58 [notice] 24#24: gracefully shutting down
2022/02/02 02:55:58 [notice] 25#25: gracefully shutting down
2022/02/02 02:55:58 [notice] 26#26: gracefully shutting down
2022/02/02 02:55:58 [notice] 25#25: exiting
2022/02/02 02:55:58 [notice] 26#26: exiting
2022/02/02 02:55:58 [notice] 24#24: exiting
2022/02/02 02:55:58 [notice] 25#25: exit
2022/02/02 02:55:58 [notice] 26#26: exit
2022/02/02 02:55:58 [notice] 24#24: exit
2022/02/02 02:55:58 [notice] 27#27: gracefully shutting down
2022/02/02 02:55:58 [notice] 27#27: exiting
2022/02/02 02:55:58 [notice] 27#27: exit
2022/02/02 02:55:58 [notice] 1#1: signal 17 (SIGCHLD) received from 27
2022/02/02 02:55:58 [notice] 1#1: worker process 27 exited with code 0
2022/02/02 02:55:58 [notice] 1#1: signal 29 (SIGIO) received
2022/02/02 02:55:58 [notice] 1#1: signal 17 (SIGCHLD) received from 26
2022/02/02 02:55:58 [notice] 1#1: worker process 26 exited with code 0
2022/02/02 02:55:58 [notice] 1#1: signal 29 (SIGIO) received
2022/02/02 02:55:58 [notice] 1#1: signal 17 (SIGCHLD) received from 24
2022/02/02 02:55:58 [notice] 1#1: worker process 24 exited with code 0
2022/02/02 02:55:58 [notice] 1#1: signal 29 (SIGIO) received
2022/02/02 02:55:58 [notice] 1#1: signal 17 (SIGCHLD) received from 25
2022/02/02 02:55:58 [notice] 1#1: worker process 25 exited with code 0
2022/02/02 02:55:58 [notice] 1#1: exit
2022/02/02 02:57:26 [notice] 1#1: using the "epoll" event method
2022/02/02 02:57:26 [notice] 1#1: nginx/1.21.5
2022/02/02 02:57:26 [notice] 1#1: built by gcc 10.2.1 20210110 (Debian 10.2.1-6) 
2022/02/02 02:57:26 [notice] 1#1: OS: Linux 5.16.4-arch1-1
2022/02/02 02:57:26 [notice] 1#1: getrlimit(RLIMIT_NOFILE): 1048576:1048576
2022/02/02 02:57:26 [notice] 1#1: start worker processes
2022/02/02 02:57:26 [notice] 1#1: start worker process 24
2022/02/02 02:57:26 [notice] 1#1: start worker process 25
2022/02/02 02:57:26 [notice] 1#1: start worker process 26
2022/02/02 02:57:26 [notice] 1#1: start worker process 27
2022/02/02 03:12:28 [notice] 1#1: signal 3 (SIGQUIT) received, shutting down
2022/02/02 03:12:28 [notice] 26#26: gracefully shutting down
2022/02/02 03:12:28 [notice] 26#26: exiting
2022/02/02 03:12:28 [notice] 26#26: exit
2022/02/02 03:12:28 [notice] 27#27: gracefully shutting down
2022/02/02 03:12:28 [notice] 27#27: exiting
2022/02/02 03:12:28 [notice] 27#27: exit
2022/02/02 03:12:28 [notice] 24#24: gracefully shutting down
2022/02/02 03:12:28 [notice] 24#24: exiting
2022/02/02 03:12:28 [notice] 24#24: exit
2022/02/02 03:12:28 [notice] 25#25: gracefully shutting down
2022/02/02 03:12:28 [notice] 25#25: exiting
2022/02/02 03:12:28 [notice] 25#25: exit
2022/02/02 03:12:28 [notice] 1#1: signal 17 (SIGCHLD) received from 27
2022/02/02 03:12:28 [notice] 1#1: worker process 24 exited with code 0
2022/02/02 03:12:28 [notice] 1#1: worker process 26 exited with code 0
2022/02/02 03:12:28 [notice] 1#1: worker process 27 exited with code 0
2022/02/02 03:12:28 [notice] 1#1: signal 29 (SIGIO) received
2022/02/02 03:12:28 [notice] 1#1: signal 17 (SIGCHLD) received from 24
2022/02/02 03:12:28 [notice] 1#1: signal 17 (SIGCHLD) received from 25
2022/02/02 03:12:28 [notice] 1#1: worker process 25 exited with code 0
2022/02/02 03:12:28 [notice] 1#1: exit
2022/02/02 18:51:33 [notice] 1#1: using the "epoll" event method
2022/02/02 18:51:33 [notice] 1#1: nginx/1.21.5
2022/02/02 18:51:33 [notice] 1#1: built by gcc 10.2.1 20210110 (Debian 10.2.1-6) 
2022/02/02 18:51:33 [notice] 1#1: OS: Linux 5.16.4-arch1-1
2022/02/02 18:51:33 [notice] 1#1: getrlimit(RLIMIT_NOFILE): 1048576:1048576
2022/02/02 18:51:33 [notice] 1#1: start worker processes
2022/02/02 18:51:33 [notice] 1#1: start worker process 24
2022/02/02 18:51:33 [notice] 1#1: start worker process 25
2022/02/02 18:51:33 [notice] 1#1: start worker process 26
2022/02/02 18:51:33 [notice] 1#1: start worker process 27
2022/02/02 18:52:16 [notice] 1#1: signal 15 (SIGTERM) received, exiting
2022/02/02 18:52:16 [notice] 24#24: exiting
2022/02/02 18:52:16 [notice] 25#25: exiting
2022/02/02 18:52:16 [notice] 26#26: exiting
2022/02/02 18:52:16 [notice] 25#25: exit
2022/02/02 18:52:16 [notice] 26#26: exit
2022/02/02 18:52:16 [notice] 24#24: exit
2022/02/02 18:52:16 [notice] 27#27: exiting
2022/02/02 18:52:16 [notice] 27#27: exit
2022/02/02 18:52:16 [notice] 1#1: signal 14 (SIGALRM) received
2022/02/02 18:52:16 [notice] 1#1: signal 17 (SIGCHLD) received from 26
2022/02/02 18:52:16 [notice] 1#1: worker process 26 exited with code 0
2022/02/02 18:52:16 [notice] 1#1: signal 29 (SIGIO) received
2022/02/02 18:52:16 [notice] 1#1: signal 17 (SIGCHLD) received from 27
2022/02/02 18:52:16 [notice] 1#1: worker process 27 exited with code 0
2022/02/02 18:52:16 [notice] 1#1: signal 29 (SIGIO) received
2022/02/02 18:52:16 [notice] 1#1: signal 17 (SIGCHLD) received from 25
2022/02/02 18:52:16 [notice] 1#1: worker process 25 exited with code 0
2022/02/02 18:52:16 [notice] 1#1: signal 29 (SIGIO) received
2022/02/02 18:52:16 [notice] 1#1: signal 17 (SIGCHLD) received from 24
2022/02/02 18:52:16 [notice] 1#1: worker process 24 exited with code 0
2022/02/02 18:52:16 [notice] 1#1: exit
2022/02/02 18:52:23 [notice] 1#1: using the "epoll" event method
2022/02/02 18:52:23 [notice] 1#1: nginx/1.21.6
2022/02/02 18:52:23 [notice] 1#1: built by gcc 10.2.1 20210110 (Debian 10.2.1-6) 
2022/02/02 18:52:23 [notice] 1#1: OS: Linux 5.16.4-arch1-1
2022/02/02 18:52:23 [notice] 1#1: getrlimit(RLIMIT_NOFILE): 1048576:1048576
2022/02/02 18:52:23 [notice] 1#1: start worker processes
2022/02/02 18:52:23 [notice] 1#1: start worker process 25
2022/02/02 18:52:23 [notice] 1#1: start worker process 26
2022/02/02 18:52:23 [notice] 1#1: start worker process 27
2022/02/02 18:52:23 [notice] 1#1: start worker process 28
2022/02/02 19:49:59 [notice] 1#1: signal 3 (SIGQUIT) received, shutting down
2022/02/02 19:49:59 [notice] 28#28: gracefully shutting down
2022/02/02 19:49:59 [notice] 26#26: gracefully shutting down
2022/02/02 19:49:59 [notice] 27#27: gracefully shutting down
2022/02/02 19:49:59 [notice] 25#25: gracefully shutting down
2022/02/02 19:49:59 [notice] 27#27: exiting
2022/02/02 19:49:59 [notice] 28#28: exiting
2022/02/02 19:49:59 [notice] 26#26: exiting
2022/02/02 19:49:59 [notice] 25#25: exiting
2022/02/02 19:49:59 [notice] 26#26: exit
2022/02/02 19:49:59 [notice] 25#25: exit
2022/02/02 19:49:59 [notice] 27#27: exit
2022/02/02 19:49:59 [notice] 28#28: exit
2022/02/02 19:49:59 [notice] 1#1: signal 17 (SIGCHLD) received from 26
2022/02/02 19:49:59 [notice] 1#1: worker process 26 exited with code 0
2022/02/02 19:49:59 [notice] 1#1: signal 29 (SIGIO) received
2022/02/02 19:49:59 [notice] 1#1: signal 17 (SIGCHLD) received from 28
2022/02/02 19:49:59 [notice] 1#1: worker process 28 exited with code 0
2022/02/02 19:49:59 [notice] 1#1: signal 29 (SIGIO) received
2022/02/02 19:49:59 [notice] 1#1: signal 17 (SIGCHLD) received from 25
2022/02/02 19:49:59 [notice] 1#1: worker process 25 exited with code 0
2022/02/02 19:49:59 [notice] 1#1: signal 29 (SIGIO) received
2022/02/02 19:49:59 [notice] 1#1: signal 17 (SIGCHLD) received from 27
2022/02/02 19:49:59 [notice] 1#1: worker process 27 exited with code 0
2022/02/02 19:49:59 [notice] 1#1: exit
2022/02/02 19:53:39 [notice] 1#1: using the "epoll" event method
2022/02/02 19:53:39 [notice] 1#1: nginx/1.21.6
2022/02/02 19:53:39 [notice] 1#1: built by gcc 10.2.1 20210110 (Debian 10.2.1-6) 
2022/02/02 19:53:39 [notice] 1#1: OS: Linux 5.16.4-arch1-1
2022/02/02 19:53:39 [notice] 1#1: getrlimit(RLIMIT_NOFILE): 1048576:1048576
2022/02/02 19:53:39 [notice] 1#1: start worker processes
2022/02/02 19:53:39 [notice] 1#1: start worker process 24
2022/02/02 19:53:39 [notice] 1#1: start worker process 25
2022/02/02 19:53:39 [notice] 1#1: start worker process 26
2022/02/02 19:53:39 [notice] 1#1: start worker process 27
2022/02/02 19:59:26 [notice] 1#1: signal 3 (SIGQUIT) received, shutting down
2022/02/02 19:59:26 [notice] 24#24: gracefully shutting down
2022/02/02 19:59:26 [notice] 25#25: gracefully shutting down
2022/02/02 19:59:26 [notice] 26#26: gracefully shutting down
2022/02/02 19:59:26 [notice] 24#24: exiting
2022/02/02 19:59:26 [notice] 25#25: exiting
2022/02/02 19:59:26 [notice] 26#26: exiting
2022/02/02 19:59:26 [notice] 25#25: exit
2022/02/02 19:59:26 [notice] 24#24: exit
2022/02/02 19:59:26 [notice] 26#26: exit
2022/02/02 19:59:26 [notice] 27#27: gracefully shutting down
2022/02/02 19:59:26 [notice] 27#27: exiting
2022/02/02 19:59:26 [notice] 27#27: exit
2022/02/02 19:59:26 [notice] 1#1: signal 17 (SIGCHLD) received from 24
2022/02/02 19:59:26 [notice] 1#1: worker process 24 exited with code 0
2022/02/02 19:59:26 [notice] 1#1: signal 29 (SIGIO) received
2022/02/02 19:59:26 [notice] 1#1: signal 17 (SIGCHLD) received from 27
2022/02/02 19:59:26 [notice] 1#1: worker process 27 exited with code 0
2022/02/02 19:59:26 [notice] 1#1: signal 29 (SIGIO) received
2022/02/02 19:59:26 [notice] 1#1: signal 17 (SIGCHLD) received from 26
2022/02/02 19:59:26 [notice] 1#1: worker process 26 exited with code 0
2022/02/02 19:59:26 [notice] 1#1: signal 29 (SIGIO) received
2022/02/02 19:59:26 [notice] 1#1: signal 17 (SIGCHLD) received from 25
2022/02/02 19:59:26 [notice] 1#1: worker process 25 exited with code 0
2022/02/02 19:59:26 [notice] 1#1: exit
2022/02/02 20:01:34 [notice] 1#1: using the "epoll" event method
2022/02/02 20:01:34 [notice] 1#1: nginx/1.21.6
2022/02/02 20:01:34 [notice] 1#1: built by gcc 10.2.1 20210110 (Debian 10.2.1-6) 
2022/02/02 20:01:34 [notice] 1#1: OS: Linux 5.16.4-arch1-1
2022/02/02 20:01:34 [notice] 1#1: getrlimit(RLIMIT_NOFILE): 1048576:1048576
2022/02/02 20:01:34 [notice] 1#1: start worker processes
2022/02/02 20:01:34 [notice] 1#1: start worker process 24
2022/02/02 20:01:34 [notice] 1#1: start worker process 25
2022/02/02 20:01:34 [notice] 1#1: start worker process 26
2022/02/02 20:01:34 [notice] 1#1: start worker process 27
2022/02/02 20:04:03 [notice] 1#1: signal 3 (SIGQUIT) received, shutting down
2022/02/02 20:04:03 [notice] 24#24: gracefully shutting down
2022/02/02 20:04:03 [notice] 25#25: gracefully shutting down
2022/02/02 20:04:03 [notice] 27#27: gracefully shutting down
2022/02/02 20:04:03 [notice] 24#24: exiting
2022/02/02 20:04:03 [notice] 25#25: exiting
2022/02/02 20:04:03 [notice] 27#27: exiting
2022/02/02 20:04:03 [notice] 25#25: exit
2022/02/02 20:04:03 [notice] 24#24: exit
2022/02/02 20:04:03 [notice] 27#27: exit
2022/02/02 20:04:03 [notice] 26#26: gracefully shutting down
2022/02/02 20:04:03 [notice] 26#26: exiting
2022/02/02 20:04:03 [notice] 26#26: exit
2022/02/02 20:04:03 [notice] 1#1: signal 17 (SIGCHLD) received from 26
2022/02/02 20:04:03 [notice] 1#1: worker process 26 exited with code 0
2022/02/02 20:04:03 [notice] 1#1: signal 29 (SIGIO) received
2022/02/02 20:04:03 [notice] 1#1: signal 17 (SIGCHLD) received from 24
2022/02/02 20:04:03 [notice] 1#1: worker process 24 exited with code 0
2022/02/02 20:04:03 [notice] 1#1: signal 29 (SIGIO) received
2022/02/02 20:04:03 [notice] 1#1: signal 17 (SIGCHLD) received from 25
2022/02/02 20:04:03 [notice] 1#1: worker process 25 exited with code 0
2022/02/02 20:04:03 [notice] 1#1: signal 29 (SIGIO) received
2022/02/02 20:04:03 [notice] 1#1: signal 17 (SIGCHLD) received from 27
2022/02/02 20:04:03 [notice] 1#1: worker process 27 exited with code 0
2022/02/02 20:04:03 [notice] 1#1: exit
2022/02/02 20:08:37 [notice] 1#1: using the "epoll" event method
2022/02/02 20:08:37 [notice] 1#1: nginx/1.21.6
2022/02/02 20:08:37 [notice] 1#1: built by gcc 10.2.1 20210110 (Debian 10.2.1-6) 
2022/02/02 20:08:37 [notice] 1#1: OS: Linux 5.16.4-arch1-1
2022/02/02 20:08:37 [notice] 1#1: getrlimit(RLIMIT_NOFILE): 1048576:1048576
2022/02/02 20:08:37 [notice] 1#1: start worker processes
2022/02/02 20:08:37 [notice] 1#1: start worker process 24
2022/02/02 20:08:37 [notice] 1#1: start worker process 25
2022/02/02 20:08:37 [notice] 1#1: start worker process 26
2022/02/02 20:08:37 [notice] 1#1: start worker process 27
2022/02/02 20:17:50 [notice] 1#1: signal 3 (SIGQUIT) received, shutting down
2022/02/02 20:17:50 [notice] 25#25: gracefully shutting down
2022/02/02 20:17:50 [notice] 26#26: gracefully shutting down
2022/02/02 20:17:50 [notice] 27#27: gracefully shutting down
2022/02/02 20:17:50 [notice] 24#24: gracefully shutting down
2022/02/02 20:17:50 [notice] 25#25: exiting
2022/02/02 20:17:50 [notice] 26#26: exiting
2022/02/02 20:17:50 [notice] 24#24: exiting
2022/02/02 20:17:50 [notice] 27#27: exiting
2022/02/02 20:17:50 [notice] 25#25: exit
2022/02/02 20:17:50 [notice] 24#24: exit
2022/02/02 20:17:50 [notice] 26#26: exit
2022/02/02 20:17:50 [notice] 27#27: exit
2022/02/02 20:17:50 [notice] 1#1: signal 17 (SIGCHLD) received from 24
2022/02/02 20:17:50 [notice] 1#1: worker process 24 exited with code 0
2022/02/02 20:17:50 [notice] 1#1: signal 29 (SIGIO) received
2022/02/02 20:17:50 [notice] 1#1: signal 17 (SIGCHLD) received from 27
2022/02/02 20:17:50 [notice] 1#1: worker process 25 exited with code 0
2022/02/02 20:17:50 [notice] 1#1: worker process 27 exited with code 0
2022/02/02 20:17:50 [notice] 1#1: signal 29 (SIGIO) received
2022/02/02 20:17:50 [notice] 1#1: signal 17 (SIGCHLD) received from 26
2022/02/02 20:17:50 [notice] 1#1: worker process 26 exited with code 0
2022/02/02 20:17:50 [notice] 1#1: exit
2022/02/02 20:21:02 [notice] 1#1: using the "epoll" event method
2022/02/02 20:21:02 [notice] 1#1: nginx/1.21.6
2022/02/02 20:21:02 [notice] 1#1: built by gcc 10.2.1 20210110 (Debian 10.2.1-6) 
2022/02/02 20:21:02 [notice] 1#1: OS: Linux 5.16.4-arch1-1
2022/02/02 20:21:02 [notice] 1#1: getrlimit(RLIMIT_NOFILE): 1048576:1048576
2022/02/02 20:21:02 [notice] 1#1: start worker processes
2022/02/02 20:21:02 [notice] 1#1: start worker process 25
2022/02/02 20:21:02 [notice] 1#1: start worker process 26
2022/02/02 20:21:02 [notice] 1#1: start worker process 27
2022/02/02 20:21:02 [notice] 1#1: start worker process 28
2022/02/02 20:24:08 [notice] 1#1: signal 3 (SIGQUIT) received, shutting down
2022/02/02 20:24:08 [notice] 26#26: gracefully shutting down
2022/02/02 20:24:08 [notice] 27#27: gracefully shutting down
2022/02/02 20:24:08 [notice] 25#25: gracefully shutting down
2022/02/02 20:24:08 [notice] 26#26: exiting
2022/02/02 20:24:08 [notice] 27#27: exiting
2022/02/02 20:24:08 [notice] 25#25: exiting
2022/02/02 20:24:08 [notice] 26#26: exit
2022/02/02 20:24:08 [notice] 25#25: exit
2022/02/02 20:24:08 [notice] 28#28: gracefully shutting down
2022/02/02 20:24:08 [notice] 27#27: exit
2022/02/02 20:24:08 [notice] 28#28: exiting
2022/02/02 20:24:08 [notice] 28#28: exit
2022/02/02 20:24:09 [notice] 1#1: signal 17 (SIGCHLD) received from 27
2022/02/02 20:24:09 [notice] 1#1: worker process 27 exited with code 0
2022/02/02 20:24:09 [notice] 1#1: signal 29 (SIGIO) received
2022/02/02 20:24:09 [notice] 1#1: signal 17 (SIGCHLD) received from 28
2022/02/02 20:24:09 [notice] 1#1: worker process 28 exited with code 0
2022/02/02 20:24:09 [notice] 1#1: signal 29 (SIGIO) received
2022/02/02 20:24:09 [notice] 1#1: signal 17 (SIGCHLD) received from 26
2022/02/02 20:24:09 [notice] 1#1: worker process 26 exited with code 0
2022/02/02 20:24:09 [notice] 1#1: signal 29 (SIGIO) received
2022/02/02 20:24:09 [notice] 1#1: signal 17 (SIGCHLD) received from 25
2022/02/02 20:24:09 [notice] 1#1: worker process 25 exited with code 0
2022/02/02 20:24:09 [notice] 1#1: exit
2022/02/02 20:26:18 [notice] 1#1: using the "epoll" event method
2022/02/02 20:26:18 [notice] 1#1: nginx/1.21.6
2022/02/02 20:26:18 [notice] 1#1: built by gcc 10.2.1 20210110 (Debian 10.2.1-6) 
2022/02/02 20:26:18 [notice] 1#1: OS: Linux 5.16.4-arch1-1
2022/02/02 20:26:18 [notice] 1#1: getrlimit(RLIMIT_NOFILE): 1048576:1048576
2022/02/02 20:26:18 [notice] 1#1: start worker processes
2022/02/02 20:26:18 [notice] 1#1: start worker process 24
2022/02/02 20:26:18 [notice] 1#1: start worker process 25
2022/02/02 20:26:18 [notice] 1#1: start worker process 26
2022/02/02 20:26:18 [notice] 1#1: start worker process 27
2022/02/02 20:30:14 [notice] 1#1: signal 3 (SIGQUIT) received, shutting down
2022/02/02 20:30:14 [notice] 24#24: gracefully shutting down
2022/02/02 20:30:14 [notice] 26#26: gracefully shutting down
2022/02/02 20:30:14 [notice] 25#25: gracefully shutting down
2022/02/02 20:30:14 [notice] 27#27: gracefully shutting down
2022/02/02 20:30:14 [notice] 24#24: exiting
2022/02/02 20:30:14 [notice] 26#26: exiting
2022/02/02 20:30:14 [notice] 25#25: exiting
2022/02/02 20:30:14 [notice] 27#27: exiting
2022/02/02 20:30:14 [notice] 25#25: exit
2022/02/02 20:30:14 [notice] 27#27: exit
2022/02/02 20:30:14 [notice] 24#24: exit
2022/02/02 20:30:14 [notice] 26#26: exit
2022/02/02 20:30:14 [notice] 1#1: signal 17 (SIGCHLD) received from 25
2022/02/02 20:30:14 [notice] 1#1: worker process 25 exited with code 0
2022/02/02 20:30:14 [notice] 1#1: signal 29 (SIGIO) received
2022/02/02 20:30:14 [notice] 1#1: signal 17 (SIGCHLD) received from 26
2022/02/02 20:30:14 [notice] 1#1: worker process 24 exited with code 0
2022/02/02 20:30:14 [notice] 1#1: worker process 26 exited with code 0
2022/02/02 20:30:14 [notice] 1#1: signal 29 (SIGIO) received
2022/02/02 20:30:14 [notice] 1#1: signal 17 (SIGCHLD) received from 27
2022/02/02 20:30:14 [notice] 1#1: worker process 27 exited with code 0
2022/02/02 20:30:14 [notice] 1#1: exit
2022/02/02 20:31:17 [notice] 1#1: using the "epoll" event method
2022/02/02 20:31:17 [notice] 1#1: nginx/1.21.6
2022/02/02 20:31:17 [notice] 1#1: built by gcc 10.2.1 20210110 (Debian 10.2.1-6) 
2022/02/02 20:31:17 [notice] 1#1: OS: Linux 5.16.4-arch1-1
2022/02/02 20:31:17 [notice] 1#1: getrlimit(RLIMIT_NOFILE): 1048576:1048576
2022/02/02 20:31:17 [notice] 1#1: start worker processes
2022/02/02 20:31:17 [notice] 1#1: start worker process 24
2022/02/02 20:31:17 [notice] 1#1: start worker process 25
2022/02/02 20:31:17 [notice] 1#1: start worker process 26
2022/02/02 20:31:17 [notice] 1#1: start worker process 27
2022/02/02 20:33:10 [notice] 1#1: signal 3 (SIGQUIT) received, shutting down
2022/02/02 20:33:10 [notice] 26#26: gracefully shutting down
2022/02/02 20:33:10 [notice] 25#25: gracefully shutting down
2022/02/02 20:33:10 [notice] 24#24: gracefully shutting down
2022/02/02 20:33:10 [notice] 26#26: exiting
2022/02/02 20:33:10 [notice] 25#25: exiting
2022/02/02 20:33:10 [notice] 24#24: exiting
2022/02/02 20:33:10 [notice] 25#25: exit
2022/02/02 20:33:10 [notice] 26#26: exit
2022/02/02 20:33:10 [notice] 24#24: exit
2022/02/02 20:33:10 [notice] 27#27: gracefully shutting down
2022/02/02 20:33:10 [notice] 27#27: exiting
2022/02/02 20:33:10 [notice] 27#27: exit
2022/02/02 20:33:10 [notice] 1#1: signal 17 (SIGCHLD) received from 27
2022/02/02 20:33:10 [notice] 1#1: worker process 24 exited with code 0
2022/02/02 20:33:10 [notice] 1#1: worker process 27 exited with code 0
2022/02/02 20:33:10 [notice] 1#1: signal 29 (SIGIO) received
2022/02/02 20:33:10 [notice] 1#1: signal 17 (SIGCHLD) received from 26
2022/02/02 20:33:10 [notice] 1#1: worker process 26 exited with code 0
2022/02/02 20:33:10 [notice] 1#1: signal 29 (SIGIO) received
2022/02/02 20:33:10 [notice] 1#1: signal 17 (SIGCHLD) received from 25
2022/02/02 20:33:10 [notice] 1#1: worker process 25 exited with code 0
2022/02/02 20:33:10 [notice] 1#1: exit
2022/02/02 20:37:22 [notice] 1#1: using the "epoll" event method
2022/02/02 20:37:22 [notice] 1#1: nginx/1.21.6
2022/02/02 20:37:22 [notice] 1#1: built by gcc 10.2.1 20210110 (Debian 10.2.1-6) 
2022/02/02 20:37:22 [notice] 1#1: OS: Linux 5.16.4-arch1-1
2022/02/02 20:37:22 [notice] 1#1: getrlimit(RLIMIT_NOFILE): 1048576:1048576
2022/02/02 20:37:22 [notice] 1#1: start worker processes
2022/02/02 20:37:22 [notice] 1#1: start worker process 25
2022/02/02 20:37:22 [notice] 1#1: start worker process 26
2022/02/02 20:37:22 [notice] 1#1: start worker process 27
2022/02/02 20:37:22 [notice] 1#1: start worker process 28
2022/02/02 20:43:51 [notice] 1#1: signal 3 (SIGQUIT) received, shutting down
2022/02/02 20:43:51 [notice] 25#25: gracefully shutting down
2022/02/02 20:43:51 [notice] 26#26: gracefully shutting down
2022/02/02 20:43:51 [notice] 25#25: exiting
2022/02/02 20:43:51 [notice] 26#26: exiting
2022/02/02 20:43:51 [notice] 26#26: exit
2022/02/02 20:43:51 [notice] 25#25: exit
2022/02/02 20:43:51 [notice] 28#28: gracefully shutting down
2022/02/02 20:43:51 [notice] 27#27: gracefully shutting down
2022/02/02 20:43:51 [notice] 28#28: exiting
2022/02/02 20:43:51 [notice] 27#27: exiting
2022/02/02 20:43:51 [notice] 27#27: exit
2022/02/02 20:43:51 [notice] 28#28: exit
2022/02/02 20:43:51 [notice] 1#1: signal 17 (SIGCHLD) received from 25
2022/02/02 20:43:51 [notice] 1#1: worker process 25 exited with code 0
2022/02/02 20:43:51 [notice] 1#1: signal 29 (SIGIO) received
2022/02/02 20:43:51 [notice] 1#1: signal 17 (SIGCHLD) received from 27
2022/02/02 20:43:51 [notice] 1#1: worker process 27 exited with code 0
2022/02/02 20:43:51 [notice] 1#1: signal 29 (SIGIO) received
2022/02/02 20:43:51 [notice] 1#1: signal 17 (SIGCHLD) received from 26
2022/02/02 20:43:51 [notice] 1#1: worker process 26 exited with code 0
2022/02/02 20:43:51 [notice] 1#1: signal 29 (SIGIO) received
2022/02/02 20:43:51 [notice] 1#1: signal 17 (SIGCHLD) received from 28
2022/02/02 20:43:51 [notice] 1#1: worker process 28 exited with code 0
2022/02/02 20:43:51 [notice] 1#1: exit
2022/02/02 20:53:04 [notice] 1#1: using the "epoll" event method
2022/02/02 20:53:04 [notice] 1#1: nginx/1.21.6
2022/02/02 20:53:04 [notice] 1#1: built by gcc 10.2.1 20210110 (Debian 10.2.1-6) 
2022/02/02 20:53:04 [notice] 1#1: OS: Linux 5.16.4-arch1-1
2022/02/02 20:53:04 [notice] 1#1: getrlimit(RLIMIT_NOFILE): 1048576:1048576
2022/02/02 20:53:04 [notice] 1#1: start worker processes
2022/02/02 20:53:04 [notice] 1#1: start worker process 24
2022/02/02 20:53:04 [notice] 1#1: start worker process 25
2022/02/02 20:53:04 [notice] 1#1: start worker process 26
2022/02/02 20:53:04 [notice] 1#1: start worker process 27
2022/02/02 20:56:21 [notice] 1#1: signal 3 (SIGQUIT) received, shutting down
2022/02/02 20:56:21 [notice] 24#24: gracefully shutting down
2022/02/02 20:56:21 [notice] 25#25: gracefully shutting down
2022/02/02 20:56:21 [notice] 26#26: gracefully shutting down
2022/02/02 20:56:21 [notice] 24#24: exiting
2022/02/02 20:56:21 [notice] 25#25: exiting
2022/02/02 20:56:21 [notice] 26#26: exiting
2022/02/02 20:56:21 [notice] 24#24: exit
2022/02/02 20:56:21 [notice] 25#25: exit
2022/02/02 20:56:21 [notice] 26#26: exit
2022/02/02 20:56:21 [notice] 27#27: gracefully shutting down
2022/02/02 20:56:21 [notice] 27#27: exiting
2022/02/02 20:56:21 [notice] 27#27: exit
2022/02/02 20:56:22 [notice] 1#1: signal 17 (SIGCHLD) received from 24
2022/02/02 20:56:22 [notice] 1#1: worker process 24 exited with code 0
2022/02/02 20:56:22 [notice] 1#1: signal 29 (SIGIO) received
2022/02/02 20:56:22 [notice] 1#1: signal 17 (SIGCHLD) received from 26
2022/02/02 20:56:22 [notice] 1#1: worker process 26 exited with code 0
2022/02/02 20:56:22 [notice] 1#1: signal 29 (SIGIO) received
2022/02/02 20:56:22 [notice] 1#1: signal 17 (SIGCHLD) received from 25
2022/02/02 20:56:22 [notice] 1#1: worker process 25 exited with code 0
2022/02/02 20:56:22 [notice] 1#1: signal 17 (SIGCHLD) received from 27
2022/02/02 20:56:22 [notice] 1#1: worker process 27 exited with code 0
2022/02/02 20:56:22 [notice] 1#1: exit
2022/02/02 21:00:59 [notice] 1#1: using the "epoll" event method
2022/02/02 21:00:59 [notice] 1#1: nginx/1.21.6
2022/02/02 21:00:59 [notice] 1#1: built by gcc 10.2.1 20210110 (Debian 10.2.1-6) 
2022/02/02 21:00:59 [notice] 1#1: OS: Linux 5.16.4-arch1-1
2022/02/02 21:00:59 [notice] 1#1: getrlimit(RLIMIT_NOFILE): 1048576:1048576
2022/02/02 21:00:59 [notice] 1#1: start worker processes
2022/02/02 21:00:59 [notice] 1#1: start worker process 24
2022/02/02 21:00:59 [notice] 1#1: start worker process 25
2022/02/02 21:00:59 [notice] 1#1: start worker process 26
2022/02/02 21:00:59 [notice] 1#1: start worker process 27
2022/02/02 21:03:31 [notice] 1#1: signal 3 (SIGQUIT) received, shutting down
2022/02/02 21:03:31 [notice] 24#24: gracefully shutting down
2022/02/02 21:03:31 [notice] 26#26: gracefully shutting down
2022/02/02 21:03:31 [notice] 25#25: gracefully shutting down
2022/02/02 21:03:31 [notice] 24#24: exiting
2022/02/02 21:03:31 [notice] 26#26: exiting
2022/02/02 21:03:31 [notice] 25#25: exiting
2022/02/02 21:03:31 [notice] 24#24: exit
2022/02/02 21:03:31 [notice] 26#26: exit
2022/02/02 21:03:31 [notice] 25#25: exit
2022/02/02 21:03:31 [notice] 27#27: gracefully shutting down
2022/02/02 21:03:31 [notice] 27#27: exiting
2022/02/02 21:03:31 [notice] 27#27: exit
2022/02/02 21:03:31 [notice] 1#1: signal 17 (SIGCHLD) received from 26
2022/02/02 21:03:31 [notice] 1#1: worker process 26 exited with code 0
2022/02/02 21:03:31 [notice] 1#1: worker process 27 exited with code 0
2022/02/02 21:03:31 [notice] 1#1: signal 29 (SIGIO) received
2022/02/02 21:03:31 [notice] 1#1: signal 17 (SIGCHLD) received from 24
2022/02/02 21:03:31 [notice] 1#1: worker process 24 exited with code 0
2022/02/02 21:03:31 [notice] 1#1: signal 29 (SIGIO) received
2022/02/02 21:03:31 [notice] 1#1: signal 17 (SIGCHLD) received from 25
2022/02/02 21:03:31 [notice] 1#1: worker process 25 exited with code 0
2022/02/02 21:03:31 [notice] 1#1: exit
2022/02/02 21:11:36 [notice] 1#1: using the "epoll" event method
2022/02/02 21:11:36 [notice] 1#1: nginx/1.21.6
2022/02/02 21:11:36 [notice] 1#1: built by gcc 10.2.1 20210110 (Debian 10.2.1-6) 
2022/02/02 21:11:36 [notice] 1#1: OS: Linux 5.16.4-arch1-1
2022/02/02 21:11:36 [notice] 1#1: getrlimit(RLIMIT_NOFILE): 1048576:1048576
2022/02/02 21:11:36 [notice] 1#1: start worker processes
2022/02/02 21:11:36 [notice] 1#1: start worker process 23
2022/02/02 21:11:36 [notice] 1#1: start worker process 24
2022/02/02 21:11:36 [notice] 1#1: start worker process 25
2022/02/02 21:11:36 [notice] 1#1: start worker process 26
2022/02/02 21:21:04 [notice] 1#1: signal 3 (SIGQUIT) received, shutting down
2022/02/02 21:21:04 [notice] 23#23: gracefully shutting down
2022/02/02 21:21:04 [notice] 26#26: gracefully shutting down
2022/02/02 21:21:04 [notice] 24#24: gracefully shutting down
2022/02/02 21:21:04 [notice] 25#25: gracefully shutting down
2022/02/02 21:21:04 [notice] 26#26: exiting
2022/02/02 21:21:04 [notice] 24#24: exiting
2022/02/02 21:21:04 [notice] 25#25: exiting
2022/02/02 21:21:04 [notice] 26#26: exit
2022/02/02 21:21:04 [notice] 24#24: exit
2022/02/02 21:21:04 [notice] 25#25: exit
2022/02/02 21:21:04 [notice] 23#23: exiting
2022/02/02 21:21:04 [notice] 23#23: exit
2022/02/02 21:21:04 [notice] 1#1: signal 17 (SIGCHLD) received from 23
2022/02/02 21:21:04 [notice] 1#1: worker process 23 exited with code 0
2022/02/02 21:21:04 [notice] 1#1: worker process 26 exited with code 0
2022/02/02 21:21:04 [notice] 1#1: signal 29 (SIGIO) received
2022/02/02 21:21:04 [notice] 1#1: signal 17 (SIGCHLD) received from 24
2022/02/02 21:21:04 [notice] 1#1: worker process 24 exited with code 0
2022/02/02 21:21:04 [notice] 1#1: signal 29 (SIGIO) received
2022/02/02 21:21:04 [notice] 1#1: signal 17 (SIGCHLD) received from 25
2022/02/02 21:21:04 [notice] 1#1: worker process 25 exited with code 0
2022/02/02 21:21:04 [notice] 1#1: exit
2022/02/02 21:31:39 [notice] 1#1: using the "epoll" event method
2022/02/02 21:31:39 [notice] 1#1: nginx/1.21.6
2022/02/02 21:31:39 [notice] 1#1: built by gcc 10.2.1 20210110 (Debian 10.2.1-6) 
2022/02/02 21:31:39 [notice] 1#1: OS: Linux 5.16.4-arch1-1
2022/02/02 21:31:39 [notice] 1#1: getrlimit(RLIMIT_NOFILE): 1048576:1048576
2022/02/02 21:31:39 [notice] 1#1: start worker processes
2022/02/02 21:31:39 [notice] 1#1: start worker process 24
2022/02/02 21:31:39 [notice] 1#1: start worker process 25
2022/02/02 21:31:39 [notice] 1#1: start worker process 26
2022/02/02 21:31:39 [notice] 1#1: start worker process 27
2022/02/02 21:38:19 [notice] 1#1: signal 3 (SIGQUIT) received, shutting down
2022/02/02 21:38:19 [notice] 24#24: gracefully shutting down
2022/02/02 21:38:19 [notice] 26#26: gracefully shutting down
2022/02/02 21:38:19 [notice] 25#25: gracefully shutting down
2022/02/02 21:38:19 [notice] 24#24: exiting
2022/02/02 21:38:19 [notice] 26#26: exiting
2022/02/02 21:38:19 [notice] 25#25: exiting
2022/02/02 21:38:19 [notice] 25#25: exit
2022/02/02 21:38:19 [notice] 24#24: exit
2022/02/02 21:38:19 [notice] 26#26: exit
2022/02/02 21:38:19 [notice] 27#27: gracefully shutting down
2022/02/02 21:38:19 [notice] 27#27: exiting
2022/02/02 21:38:19 [notice] 27#27: exit
2022/02/02 21:38:20 [notice] 1#1: signal 17 (SIGCHLD) received from 27
2022/02/02 21:38:20 [notice] 1#1: worker process 27 exited with code 0
2022/02/02 21:38:20 [notice] 1#1: signal 29 (SIGIO) received
2022/02/02 21:38:20 [notice] 1#1: signal 17 (SIGCHLD) received from 25
2022/02/02 21:38:20 [notice] 1#1: worker process 25 exited with code 0
2022/02/02 21:38:20 [notice] 1#1: signal 29 (SIGIO) received
2022/02/02 21:38:20 [notice] 1#1: signal 17 (SIGCHLD) received from 24
2022/02/02 21:38:20 [notice] 1#1: worker process 24 exited with code 0
2022/02/02 21:38:20 [notice] 1#1: signal 17 (SIGCHLD) received from 26
2022/02/02 21:38:20 [notice] 1#1: worker process 26 exited with code 0
2022/02/02 21:38:20 [notice] 1#1: exit
2022/02/02 21:39:09 [notice] 1#1: using the "epoll" event method
2022/02/02 21:39:09 [notice] 1#1: nginx/1.21.6
2022/02/02 21:39:09 [notice] 1#1: built by gcc 10.2.1 20210110 (Debian 10.2.1-6) 
2022/02/02 21:39:09 [notice] 1#1: OS: Linux 5.16.4-arch1-1
2022/02/02 21:39:09 [notice] 1#1: getrlimit(RLIMIT_NOFILE): 1048576:1048576
2022/02/02 21:39:09 [notice] 1#1: start worker processes
2022/02/02 21:39:09 [notice] 1#1: start worker process 24
2022/02/02 21:39:09 [notice] 1#1: start worker process 25
2022/02/02 21:39:09 [notice] 1#1: start worker process 26
2022/02/02 21:39:09 [notice] 1#1: start worker process 27
2022/02/02 21:46:11 [notice] 1#1: signal 3 (SIGQUIT) received, shutting down
2022/02/02 21:46:11 [notice] 24#24: gracefully shutting down
2022/02/02 21:46:11 [notice] 26#26: gracefully shutting down
2022/02/02 21:46:11 [notice] 25#25: gracefully shutting down
2022/02/02 21:46:11 [notice] 27#27: gracefully shutting down
2022/02/02 21:46:11 [notice] 24#24: exiting
2022/02/02 21:46:11 [notice] 26#26: exiting
2022/02/02 21:46:11 [notice] 25#25: exiting
2022/02/02 21:46:11 [notice] 27#27: exiting
2022/02/02 21:46:11 [notice] 26#26: exit
2022/02/02 21:46:11 [notice] 24#24: exit
2022/02/02 21:46:11 [notice] 25#25: exit
2022/02/02 21:46:11 [notice] 27#27: exit
2022/02/02 21:46:11 [notice] 1#1: signal 17 (SIGCHLD) received from 27
2022/02/02 21:46:11 [notice] 1#1: worker process 27 exited with code 0
2022/02/02 21:46:11 [notice] 1#1: signal 29 (SIGIO) received
2022/02/02 21:46:11 [notice] 1#1: signal 17 (SIGCHLD) received from 26
2022/02/02 21:46:11 [notice] 1#1: worker process 26 exited with code 0
2022/02/02 21:46:11 [notice] 1#1: signal 29 (SIGIO) received
2022/02/02 21:46:11 [notice] 1#1: signal 17 (SIGCHLD) received from 24
2022/02/02 21:46:11 [notice] 1#1: worker process 24 exited with code 0
2022/02/02 21:46:11 [notice] 1#1: signal 29 (SIGIO) received
2022/02/02 21:46:11 [notice] 1#1: signal 17 (SIGCHLD) received from 25
2022/02/02 21:46:11 [notice] 1#1: worker process 25 exited with code 0
2022/02/02 21:46:11 [notice] 1#1: exit
2022/02/02 22:06:04 [notice] 1#1: using the "epoll" event method
2022/02/02 22:06:04 [notice] 1#1: nginx/1.21.6
2022/02/02 22:06:04 [notice] 1#1: built by gcc 10.2.1 20210110 (Debian 10.2.1-6) 
2022/02/02 22:06:04 [notice] 1#1: OS: Linux 5.16.4-arch1-1
2022/02/02 22:06:04 [notice] 1#1: getrlimit(RLIMIT_NOFILE): 1048576:1048576
2022/02/02 22:06:04 [notice] 1#1: start worker processes
2022/02/02 22:06:04 [notice] 1#1: start worker process 24
2022/02/02 22:06:04 [notice] 1#1: start worker process 25
2022/02/02 22:06:04 [notice] 1#1: start worker process 26
2022/02/02 22:06:04 [notice] 1#1: start worker process 27
2022/02/02 22:10:27 [notice] 1#1: signal 3 (SIGQUIT) received, shutting down
2022/02/02 22:10:27 [notice] 24#24: gracefully shutting down
2022/02/02 22:10:27 [notice] 25#25: gracefully shutting down
2022/02/02 22:10:27 [notice] 26#26: gracefully shutting down
2022/02/02 22:10:27 [notice] 24#24: exiting
2022/02/02 22:10:27 [notice] 25#25: exiting
2022/02/02 22:10:27 [notice] 26#26: exiting
2022/02/02 22:10:27 [notice] 24#24: exit
2022/02/02 22:10:27 [notice] 26#26: exit
2022/02/02 22:10:27 [notice] 25#25: exit
2022/02/02 22:10:27 [notice] 27#27: gracefully shutting down
2022/02/02 22:10:27 [notice] 27#27: exiting
2022/02/02 22:10:27 [notice] 27#27: exit
2022/02/02 22:10:27 [notice] 1#1: signal 17 (SIGCHLD) received from 26
2022/02/02 22:10:27 [notice] 1#1: worker process 26 exited with code 0
2022/02/02 22:10:27 [notice] 1#1: signal 29 (SIGIO) received
2022/02/02 22:10:27 [notice] 1#1: signal 17 (SIGCHLD) received from 25
2022/02/02 22:10:27 [notice] 1#1: worker process 25 exited with code 0
2022/02/02 22:10:27 [notice] 1#1: signal 29 (SIGIO) received
2022/02/02 22:10:27 [notice] 1#1: signal 17 (SIGCHLD) received from 27
2022/02/02 22:10:27 [notice] 1#1: worker process 24 exited with code 0
2022/02/02 22:10:27 [notice] 1#1: worker process 27 exited with code 0
2022/02/02 22:10:27 [notice] 1#1: exit
2022/02/03 16:17:42 [notice] 1#1: using the "epoll" event method
2022/02/03 16:17:42 [notice] 1#1: nginx/1.21.6
2022/02/03 16:17:42 [notice] 1#1: built by gcc 10.2.1 20210110 (Debian 10.2.1-6) 
2022/02/03 16:17:42 [notice] 1#1: OS: Linux 5.16.5-arch1-1
2022/02/03 16:17:42 [notice] 1#1: getrlimit(RLIMIT_NOFILE): 1048576:1048576
2022/02/03 16:17:42 [notice] 1#1: start worker processes
2022/02/03 16:17:42 [notice] 1#1: start worker process 24
2022/02/03 16:17:42 [notice] 1#1: start worker process 25
2022/02/03 16:17:42 [notice] 1#1: start worker process 26
2022/02/03 16:17:42 [notice] 1#1: start worker process 27
2022/02/03 16:58:03 [notice] 1#1: signal 3 (SIGQUIT) received, shutting down
2022/02/03 16:58:04 [notice] 24#24: gracefully shutting down
2022/02/03 16:58:04 [notice] 26#26: gracefully shutting down
2022/02/03 16:58:04 [notice] 25#25: gracefully shutting down
2022/02/03 16:58:04 [notice] 27#27: gracefully shutting down
2022/02/03 16:58:04 [notice] 27#27: exiting
2022/02/03 16:58:04 [notice] 26#26: exiting
2022/02/03 16:58:04 [notice] 24#24: exiting
2022/02/03 16:58:04 [notice] 25#25: exiting
2022/02/03 16:58:04 [notice] 27#27: exit
2022/02/03 16:58:04 [notice] 26#26: exit
2022/02/03 16:58:04 [notice] 24#24: exit
2022/02/03 16:58:04 [notice] 25#25: exit
2022/02/03 16:58:04 [notice] 1#1: signal 17 (SIGCHLD) received from 26
2022/02/03 16:58:04 [notice] 1#1: worker process 26 exited with code 0
2022/02/03 16:58:04 [notice] 1#1: signal 29 (SIGIO) received
2022/02/03 16:58:04 [notice] 1#1: signal 17 (SIGCHLD) received from 25
2022/02/03 16:58:04 [notice] 1#1: worker process 25 exited with code 0
2022/02/03 16:58:04 [notice] 1#1: signal 29 (SIGIO) received
2022/02/03 16:58:04 [notice] 1#1: signal 17 (SIGCHLD) received from 27
2022/02/03 16:58:04 [notice] 1#1: worker process 27 exited with code 0
2022/02/03 16:58:04 [notice] 1#1: signal 29 (SIGIO) received
2022/02/03 16:58:04 [notice] 1#1: signal 17 (SIGCHLD) received from 24
2022/02/03 16:58:04 [notice] 1#1: worker process 24 exited with code 0
2022/02/03 16:58:04 [notice] 1#1: exit
2022/02/03 16:59:15 [notice] 1#1: using the "epoll" event method
2022/02/03 16:59:15 [notice] 1#1: nginx/1.21.6
2022/02/03 16:59:15 [notice] 1#1: built by gcc 10.2.1 20210110 (Debian 10.2.1-6) 
2022/02/03 16:59:15 [notice] 1#1: OS: Linux 5.16.5-arch1-1
2022/02/03 16:59:15 [notice] 1#1: getrlimit(RLIMIT_NOFILE): 1048576:1048576
2022/02/03 16:59:15 [notice] 1#1: start worker processes
2022/02/03 16:59:15 [notice] 1#1: start worker process 24
2022/02/03 16:59:15 [notice] 1#1: start worker process 25
2022/02/03 16:59:15 [notice] 1#1: start worker process 26
2022/02/03 16:59:15 [notice] 1#1: start worker process 27
2022/02/03 17:06:17 [notice] 1#1: signal 3 (SIGQUIT) received, shutting down
2022/02/03 17:06:17 [notice] 24#24: gracefully shutting down
2022/02/03 17:06:17 [notice] 26#26: gracefully shutting down
2022/02/03 17:06:17 [notice] 25#25: gracefully shutting down
2022/02/03 17:06:17 [notice] 24#24: exiting
2022/02/03 17:06:17 [notice] 27#27: gracefully shutting down
2022/02/03 17:06:17 [notice] 26#26: exiting
2022/02/03 17:06:17 [notice] 25#25: exiting
2022/02/03 17:06:17 [notice] 27#27: exiting
2022/02/03 17:06:17 [notice] 24#24: exit
2022/02/03 17:06:17 [notice] 25#25: exit
2022/02/03 17:06:17 [notice] 26#26: exit
2022/02/03 17:06:17 [notice] 27#27: exit
2022/02/03 17:06:17 [notice] 1#1: signal 17 (SIGCHLD) received from 27
2022/02/03 17:06:17 [notice] 1#1: worker process 27 exited with code 0
2022/02/03 17:06:17 [notice] 1#1: signal 29 (SIGIO) received
2022/02/03 17:06:17 [notice] 1#1: signal 17 (SIGCHLD) received from 26
2022/02/03 17:06:17 [notice] 1#1: worker process 26 exited with code 0
2022/02/03 17:06:17 [notice] 1#1: signal 29 (SIGIO) received
2022/02/03 17:06:17 [notice] 1#1: signal 17 (SIGCHLD) received from 25
2022/02/03 17:06:17 [notice] 1#1: worker process 25 exited with code 0
2022/02/03 17:06:17 [notice] 1#1: signal 29 (SIGIO) received
2022/02/03 17:06:17 [notice] 1#1: signal 17 (SIGCHLD) received from 24
2022/02/03 17:06:17 [notice] 1#1: worker process 24 exited with code 0
2022/02/03 17:06:17 [notice] 1#1: exit
2022/02/03 17:07:11 [notice] 1#1: using the "epoll" event method
2022/02/03 17:07:11 [notice] 1#1: nginx/1.21.6
2022/02/03 17:07:11 [notice] 1#1: built by gcc 10.2.1 20210110 (Debian 10.2.1-6) 
2022/02/03 17:07:11 [notice] 1#1: OS: Linux 5.16.5-arch1-1
2022/02/03 17:07:11 [notice] 1#1: getrlimit(RLIMIT_NOFILE): 1048576:1048576
2022/02/03 17:07:11 [notice] 1#1: start worker processes
2022/02/03 17:07:11 [notice] 1#1: start worker process 24
2022/02/03 17:07:11 [notice] 1#1: start worker process 25
2022/02/03 17:07:11 [notice] 1#1: start worker process 26
2022/02/03 17:07:11 [notice] 1#1: start worker process 27
2022/02/03 17:47:13 [notice] 1#1: signal 3 (SIGQUIT) received, shutting down
2022/02/03 17:47:13 [notice] 27#27: gracefully shutting down
2022/02/03 17:47:13 [notice] 26#26: gracefully shutting down
2022/02/03 17:47:13 [notice] 27#27: exiting
2022/02/03 17:47:13 [notice] 26#26: exiting
2022/02/03 17:47:13 [notice] 24#24: gracefully shutting down
2022/02/03 17:47:13 [notice] 25#25: gracefully shutting down
2022/02/03 17:47:13 [notice] 24#24: exiting
2022/02/03 17:47:13 [notice] 25#25: exiting
2022/02/03 17:47:13 [notice] 26#26: exit
2022/02/03 17:47:13 [notice] 27#27: exit
2022/02/03 17:47:13 [notice] 25#25: exit
2022/02/03 17:47:13 [notice] 24#24: exit
2022/02/03 17:47:14 [notice] 1#1: signal 17 (SIGCHLD) received from 25
2022/02/03 17:47:14 [notice] 1#1: worker process 25 exited with code 0
2022/02/03 17:47:14 [notice] 1#1: signal 29 (SIGIO) received
2022/02/03 17:47:14 [notice] 1#1: signal 17 (SIGCHLD) received from 27
2022/02/03 17:47:14 [notice] 1#1: worker process 27 exited with code 0
2022/02/03 17:47:14 [notice] 1#1: signal 29 (SIGIO) received
2022/02/03 17:47:14 [notice] 1#1: signal 17 (SIGCHLD) received from 26
2022/02/03 17:47:14 [notice] 1#1: worker process 26 exited with code 0
2022/02/03 17:47:14 [notice] 1#1: signal 29 (SIGIO) received
2022/02/03 17:47:14 [notice] 1#1: signal 17 (SIGCHLD) received from 24
2022/02/03 17:47:14 [notice] 1#1: worker process 24 exited with code 0
2022/02/03 17:47:14 [notice] 1#1: exit
2022/02/03 17:48:53 [notice] 1#1: using the "epoll" event method
2022/02/03 17:48:53 [notice] 1#1: nginx/1.21.6
2022/02/03 17:48:53 [notice] 1#1: built by gcc 10.2.1 20210110 (Debian 10.2.1-6) 
2022/02/03 17:48:53 [notice] 1#1: OS: Linux 5.16.5-arch1-1
2022/02/03 17:48:53 [notice] 1#1: getrlimit(RLIMIT_NOFILE): 1048576:1048576
2022/02/03 17:48:53 [notice] 1#1: start worker processes
2022/02/03 17:48:53 [notice] 1#1: start worker process 24
2022/02/03 17:48:53 [notice] 1#1: start worker process 25
2022/02/03 17:48:53 [notice] 1#1: start worker process 26
2022/02/03 17:48:53 [notice] 1#1: start worker process 27
2022/02/03 17:50:39 [notice] 1#1: signal 3 (SIGQUIT) received, shutting down
2022/02/03 17:50:39 [notice] 24#24: gracefully shutting down
2022/02/03 17:50:39 [notice] 25#25: gracefully shutting down
2022/02/03 17:50:39 [notice] 24#24: exiting
2022/02/03 17:50:39 [notice] 25#25: exiting
2022/02/03 17:50:39 [notice] 25#25: exit
2022/02/03 17:50:39 [notice] 24#24: exit
2022/02/03 17:50:39 [notice] 26#26: gracefully shutting down
2022/02/03 17:50:39 [notice] 26#26: exiting
2022/02/03 17:50:39 [notice] 27#27: gracefully shutting down
2022/02/03 17:50:39 [notice] 26#26: exit
2022/02/03 17:50:39 [notice] 27#27: exiting
2022/02/03 17:50:39 [notice] 27#27: exit
2022/02/03 17:50:39 [notice] 1#1: signal 17 (SIGCHLD) received from 24
2022/02/03 17:50:39 [notice] 1#1: worker process 24 exited with code 0
2022/02/03 17:50:39 [notice] 1#1: worker process 26 exited with code 0
2022/02/03 17:50:39 [notice] 1#1: signal 29 (SIGIO) received
2022/02/03 17:50:39 [notice] 1#1: signal 17 (SIGCHLD) received from 25
2022/02/03 17:50:39 [notice] 1#1: worker process 25 exited with code 0
2022/02/03 17:50:39 [notice] 1#1: worker process 27 exited with code 0
2022/02/03 17:50:39 [notice] 1#1: exit
2022/02/03 17:51:48 [notice] 1#1: using the "epoll" event method
2022/02/03 17:51:48 [notice] 1#1: nginx/1.21.6
2022/02/03 17:51:48 [notice] 1#1: built by gcc 10.2.1 20210110 (Debian 10.2.1-6) 
2022/02/03 17:51:48 [notice] 1#1: OS: Linux 5.16.5-arch1-1
2022/02/03 17:51:48 [notice] 1#1: getrlimit(RLIMIT_NOFILE): 1048576:1048576
2022/02/03 17:51:48 [notice] 1#1: start worker processes
2022/02/03 17:51:48 [notice] 1#1: start worker process 24
2022/02/03 17:51:48 [notice] 1#1: start worker process 25
2022/02/03 17:51:48 [notice] 1#1: start worker process 26
2022/02/03 17:51:48 [notice] 1#1: start worker process 27
2022/02/03 17:55:50 [notice] 1#1: signal 3 (SIGQUIT) received, shutting down
2022/02/03 17:55:50 [notice] 24#24: gracefully shutting down
2022/02/03 17:55:50 [notice] 26#26: gracefully shutting down
2022/02/03 17:55:50 [notice] 27#27: gracefully shutting down
2022/02/03 17:55:50 [notice] 24#24: exiting
2022/02/03 17:55:50 [notice] 26#26: exiting
2022/02/03 17:55:50 [notice] 27#27: exiting
2022/02/03 17:55:50 [notice] 24#24: exit
2022/02/03 17:55:50 [notice] 26#26: exit
2022/02/03 17:55:50 [notice] 27#27: exit
2022/02/03 17:55:50 [notice] 25#25: gracefully shutting down
2022/02/03 17:55:50 [notice] 25#25: exiting
2022/02/03 17:55:50 [notice] 25#25: exit
2022/02/03 17:55:51 [notice] 1#1: signal 17 (SIGCHLD) received from 26
2022/02/03 17:55:51 [notice] 1#1: worker process 25 exited with code 0
2022/02/03 17:55:51 [notice] 1#1: worker process 26 exited with code 0
2022/02/03 17:55:51 [notice] 1#1: signal 29 (SIGIO) received
2022/02/03 17:55:51 [notice] 1#1: signal 17 (SIGCHLD) received from 27
2022/02/03 17:55:51 [notice] 1#1: worker process 24 exited with code 0
2022/02/03 17:55:51 [notice] 1#1: worker process 27 exited with code 0
2022/02/03 17:55:51 [notice] 1#1: exit
2022/02/03 17:56:58 [notice] 1#1: using the "epoll" event method
2022/02/03 17:56:58 [notice] 1#1: nginx/1.21.6
2022/02/03 17:56:58 [notice] 1#1: built by gcc 10.2.1 20210110 (Debian 10.2.1-6) 
2022/02/03 17:56:58 [notice] 1#1: OS: Linux 5.16.5-arch1-1
2022/02/03 17:56:58 [notice] 1#1: getrlimit(RLIMIT_NOFILE): 1048576:1048576
2022/02/03 17:56:58 [notice] 1#1: start worker processes
2022/02/03 17:56:58 [notice] 1#1: start worker process 23
2022/02/03 17:56:58 [notice] 1#1: start worker process 24
2022/02/03 17:56:58 [notice] 1#1: start worker process 25
2022/02/03 17:56:58 [notice] 1#1: start worker process 26
2022/02/03 18:11:47 [notice] 1#1: signal 3 (SIGQUIT) received, shutting down
2022/02/03 18:11:47 [notice] 23#23: gracefully shutting down
2022/02/03 18:11:47 [notice] 23#23: exiting
2022/02/03 18:11:47 [notice] 24#24: gracefully shutting down
2022/02/03 18:11:47 [notice] 25#25: gracefully shutting down
2022/02/03 18:11:47 [notice] 24#24: exiting
2022/02/03 18:11:47 [notice] 25#25: exiting
2022/02/03 18:11:47 [notice] 26#26: gracefully shutting down
2022/02/03 18:11:47 [notice] 26#26: exiting
2022/02/03 18:11:47 [notice] 23#23: exit
2022/02/03 18:11:47 [notice] 26#26: exit
2022/02/03 18:11:47 [notice] 24#24: exit
2022/02/03 18:11:47 [notice] 25#25: exit
2022/02/03 18:11:47 [notice] 1#1: signal 17 (SIGCHLD) received from 25
2022/02/03 18:11:47 [notice] 1#1: worker process 25 exited with code 0
2022/02/03 18:11:47 [notice] 1#1: signal 29 (SIGIO) received
2022/02/03 18:11:47 [notice] 1#1: signal 17 (SIGCHLD) received from 26
2022/02/03 18:11:47 [notice] 1#1: worker process 26 exited with code 0
2022/02/03 18:11:47 [notice] 1#1: signal 29 (SIGIO) received
2022/02/03 18:11:47 [notice] 1#1: signal 17 (SIGCHLD) received from 24
2022/02/03 18:11:47 [notice] 1#1: worker process 24 exited with code 0
2022/02/03 18:11:47 [notice] 1#1: signal 17 (SIGCHLD) received from 23
2022/02/03 18:11:47 [notice] 1#1: worker process 23 exited with code 0
2022/02/03 18:11:47 [notice] 1#1: exit
2022/02/03 18:13:12 [notice] 1#1: using the "epoll" event method
2022/02/03 18:13:12 [notice] 1#1: nginx/1.21.6
2022/02/03 18:13:12 [notice] 1#1: built by gcc 10.2.1 20210110 (Debian 10.2.1-6) 
2022/02/03 18:13:12 [notice] 1#1: OS: Linux 5.16.5-arch1-1
2022/02/03 18:13:12 [notice] 1#1: getrlimit(RLIMIT_NOFILE): 1048576:1048576
2022/02/03 18:13:12 [notice] 1#1: start worker processes
2022/02/03 18:13:12 [notice] 1#1: start worker process 25
2022/02/03 18:13:12 [notice] 1#1: start worker process 26
2022/02/03 18:13:12 [notice] 1#1: start worker process 27
2022/02/03 18:13:12 [notice] 1#1: start worker process 28
2022/02/03 18:19:32 [notice] 1#1: signal 3 (SIGQUIT) received, shutting down
2022/02/03 18:19:32 [notice] 25#25: gracefully shutting down
2022/02/03 18:19:32 [notice] 25#25: exiting
2022/02/03 18:19:32 [notice] 25#25: exit
2022/02/03 18:19:32 [notice] 27#27: gracefully shutting down
2022/02/03 18:19:32 [notice] 27#27: exiting
2022/02/03 18:19:32 [notice] 27#27: exit
2022/02/03 18:19:32 [notice] 28#28: gracefully shutting down
2022/02/03 18:19:32 [notice] 26#26: gracefully shutting down
2022/02/03 18:19:32 [notice] 28#28: exiting
2022/02/03 18:19:32 [notice] 26#26: exiting
2022/02/03 18:19:32 [notice] 28#28: exit
2022/02/03 18:19:32 [notice] 26#26: exit
2022/02/03 18:19:32 [notice] 1#1: signal 17 (SIGCHLD) received from 25
2022/02/03 18:19:32 [notice] 1#1: worker process 25 exited with code 0
2022/02/03 18:19:32 [notice] 1#1: signal 29 (SIGIO) received
2022/02/03 18:19:32 [notice] 1#1: signal 17 (SIGCHLD) received from 26
2022/02/03 18:19:32 [notice] 1#1: worker process 26 exited with code 0
2022/02/03 18:19:32 [notice] 1#1: signal 29 (SIGIO) received
2022/02/03 18:19:32 [notice] 1#1: signal 17 (SIGCHLD) received from 27
2022/02/03 18:19:32 [notice] 1#1: worker process 27 exited with code 0
2022/02/03 18:19:32 [notice] 1#1: signal 29 (SIGIO) received
2022/02/03 18:19:32 [notice] 1#1: signal 17 (SIGCHLD) received from 28
2022/02/03 18:19:32 [notice] 1#1: worker process 28 exited with code 0
2022/02/03 18:19:32 [notice] 1#1: exit
2022/02/03 18:20:42 [notice] 1#1: using the "epoll" event method
2022/02/03 18:20:42 [notice] 1#1: nginx/1.21.6
2022/02/03 18:20:42 [notice] 1#1: built by gcc 10.2.1 20210110 (Debian 10.2.1-6) 
2022/02/03 18:20:42 [notice] 1#1: OS: Linux 5.16.5-arch1-1
2022/02/03 18:20:42 [notice] 1#1: getrlimit(RLIMIT_NOFILE): 1048576:1048576
2022/02/03 18:20:42 [notice] 1#1: start worker processes
2022/02/03 18:20:42 [notice] 1#1: start worker process 25
2022/02/03 18:20:42 [notice] 1#1: start worker process 26
2022/02/03 18:20:42 [notice] 1#1: start worker process 27
2022/02/03 18:20:42 [notice] 1#1: start worker process 28
2022/02/03 18:33:20 [notice] 1#1: signal 3 (SIGQUIT) received, shutting down
2022/02/03 18:33:20 [notice] 25#25: gracefully shutting down
2022/02/03 18:33:20 [notice] 25#25: exiting
2022/02/03 18:33:20 [notice] 27#27: gracefully shutting down
2022/02/03 18:33:20 [notice] 26#26: gracefully shutting down
2022/02/03 18:33:20 [notice] 26#26: exiting
2022/02/03 18:33:20 [notice] 27#27: exiting
2022/02/03 18:33:20 [notice] 28#28: gracefully shutting down
2022/02/03 18:33:20 [notice] 28#28: exiting
2022/02/03 18:33:20 [notice] 27#27: exit
2022/02/03 18:33:20 [notice] 25#25: exit
2022/02/03 18:33:20 [notice] 28#28: exit
2022/02/03 18:33:20 [notice] 26#26: exit
2022/02/03 18:33:21 [notice] 1#1: signal 17 (SIGCHLD) received from 28
2022/02/03 18:33:21 [notice] 1#1: worker process 26 exited with code 0
2022/02/03 18:33:21 [notice] 1#1: worker process 28 exited with code 0
2022/02/03 18:33:21 [notice] 1#1: signal 29 (SIGIO) received
2022/02/03 18:33:21 [notice] 1#1: signal 17 (SIGCHLD) received from 27
2022/02/03 18:33:21 [notice] 1#1: worker process 25 exited with code 0
2022/02/03 18:33:21 [notice] 1#1: worker process 27 exited with code 0
2022/02/03 18:33:21 [notice] 1#1: exit
2022/02/03 18:34:51 [notice] 1#1: using the "epoll" event method
2022/02/03 18:34:51 [notice] 1#1: nginx/1.21.6
2022/02/03 18:34:51 [notice] 1#1: built by gcc 10.2.1 20210110 (Debian 10.2.1-6) 
2022/02/03 18:34:51 [notice] 1#1: OS: Linux 5.16.5-arch1-1
2022/02/03 18:34:51 [notice] 1#1: getrlimit(RLIMIT_NOFILE): 1048576:1048576
2022/02/03 18:34:51 [notice] 1#1: start worker processes
2022/02/03 18:34:51 [notice] 1#1: start worker process 24
2022/02/03 18:34:51 [notice] 1#1: start worker process 25
2022/02/03 18:34:51 [notice] 1#1: start worker process 26
2022/02/03 18:34:51 [notice] 1#1: start worker process 27
2022/02/03 19:11:52 [notice] 1#1: signal 3 (SIGQUIT) received, shutting down
2022/02/03 19:11:52 [notice] 26#26: gracefully shutting down
2022/02/03 19:11:52 [notice] 27#27: gracefully shutting down
2022/02/03 19:11:52 [notice] 26#26: exiting
2022/02/03 19:11:52 [notice] 27#27: exiting
2022/02/03 19:11:52 [notice] 24#24: gracefully shutting down
2022/02/03 19:11:52 [notice] 25#25: gracefully shutting down
2022/02/03 19:11:52 [notice] 25#25: exiting
2022/02/03 19:11:52 [notice] 24#24: exiting
2022/02/03 19:11:52 [notice] 27#27: exit
2022/02/03 19:11:52 [notice] 26#26: exit
2022/02/03 19:11:52 [notice] 25#25: exit
2022/02/03 19:11:52 [notice] 24#24: exit
2022/02/03 19:11:53 [notice] 1#1: signal 17 (SIGCHLD) received from 27
2022/02/03 19:11:53 [notice] 1#1: worker process 27 exited with code 0
2022/02/03 19:11:53 [notice] 1#1: signal 29 (SIGIO) received
2022/02/03 19:11:53 [notice] 1#1: signal 17 (SIGCHLD) received from 26
2022/02/03 19:11:53 [notice] 1#1: worker process 26 exited with code 0
2022/02/03 19:11:53 [notice] 1#1: signal 29 (SIGIO) received
2022/02/03 19:11:53 [notice] 1#1: signal 17 (SIGCHLD) received from 24
2022/02/03 19:11:53 [notice] 1#1: worker process 24 exited with code 0
2022/02/03 19:11:53 [notice] 1#1: signal 29 (SIGIO) received
2022/02/03 19:11:53 [notice] 1#1: signal 17 (SIGCHLD) received from 25
2022/02/03 19:11:53 [notice] 1#1: worker process 25 exited with code 0
2022/02/03 19:11:53 [notice] 1#1: exit
2022/02/03 19:31:07 [notice] 1#1: using the "epoll" event method
2022/02/03 19:31:07 [notice] 1#1: nginx/1.21.6
2022/02/03 19:31:07 [notice] 1#1: built by gcc 10.2.1 20210110 (Debian 10.2.1-6) 
2022/02/03 19:31:07 [notice] 1#1: OS: Linux 5.16.5-arch1-1
2022/02/03 19:31:07 [notice] 1#1: getrlimit(RLIMIT_NOFILE): 1048576:1048576
2022/02/03 19:31:07 [notice] 1#1: start worker processes
2022/02/03 19:31:07 [notice] 1#1: start worker process 25
2022/02/03 19:31:07 [notice] 1#1: start worker process 26
2022/02/03 19:31:07 [notice] 1#1: start worker process 27
2022/02/03 19:31:07 [notice] 1#1: start worker process 28
2022/02/03 19:33:28 [notice] 1#1: signal 3 (SIGQUIT) received, shutting down
2022/02/03 19:33:28 [notice] 25#25: gracefully shutting down
2022/02/03 19:33:28 [notice] 28#28: gracefully shutting down
2022/02/03 19:33:28 [notice] 26#26: gracefully shutting down
2022/02/03 19:33:28 [notice] 27#27: gracefully shutting down
2022/02/03 19:33:28 [notice] 25#25: exiting
2022/02/03 19:33:28 [notice] 26#26: exiting
2022/02/03 19:33:28 [notice] 27#27: exiting
2022/02/03 19:33:28 [notice] 28#28: exiting
2022/02/03 19:33:28 [notice] 26#26: exit
2022/02/03 19:33:28 [notice] 27#27: exit
2022/02/03 19:33:28 [notice] 25#25: exit
2022/02/03 19:33:28 [notice] 28#28: exit
2022/02/03 19:33:30 [notice] 1#1: signal 17 (SIGCHLD) received from 26
2022/02/03 19:33:30 [notice] 1#1: worker process 26 exited with code 0
2022/02/03 19:33:30 [notice] 1#1: signal 29 (SIGIO) received
2022/02/03 19:33:30 [notice] 1#1: signal 17 (SIGCHLD) received from 28
2022/02/03 19:33:30 [notice] 1#1: worker process 28 exited with code 0
2022/02/03 19:33:30 [notice] 1#1: signal 29 (SIGIO) received
2022/02/03 19:33:30 [notice] 1#1: signal 17 (SIGCHLD) received from 27
2022/02/03 19:33:30 [notice] 1#1: worker process 27 exited with code 0
2022/02/03 19:33:30 [notice] 1#1: signal 29 (SIGIO) received
2022/02/03 19:33:30 [notice] 1#1: signal 17 (SIGCHLD) received from 25
2022/02/03 19:33:30 [notice] 1#1: worker process 25 exited with code 0
2022/02/03 19:33:30 [notice] 1#1: exit
2022/02/03 19:33:46 [notice] 1#1: using the "epoll" event method
2022/02/03 19:33:46 [notice] 1#1: nginx/1.21.6
2022/02/03 19:33:46 [notice] 1#1: built by gcc 10.2.1 20210110 (Debian 10.2.1-6) 
2022/02/03 19:33:46 [notice] 1#1: OS: Linux 5.16.5-arch1-1
2022/02/03 19:33:46 [notice] 1#1: getrlimit(RLIMIT_NOFILE): 1048576:1048576
2022/02/03 19:33:46 [notice] 1#1: start worker processes
2022/02/03 19:33:46 [notice] 1#1: start worker process 25
2022/02/03 19:33:46 [notice] 1#1: start worker process 26
2022/02/03 19:33:46 [notice] 1#1: start worker process 27
2022/02/03 19:33:46 [notice] 1#1: start worker process 28
2022/02/03 20:01:49 [notice] 1#1: signal 3 (SIGQUIT) received, shutting down
2022/02/03 20:01:49 [notice] 27#27: gracefully shutting down
2022/02/03 20:01:49 [notice] 28#28: gracefully shutting down
2022/02/03 20:01:49 [notice] 26#26: gracefully shutting down
2022/02/03 20:01:49 [notice] 25#25: gracefully shutting down
2022/02/03 20:01:49 [notice] 27#27: exiting
2022/02/03 20:01:49 [notice] 28#28: exiting
2022/02/03 20:01:49 [notice] 25#25: exiting
2022/02/03 20:01:49 [notice] 26#26: exiting
2022/02/03 20:01:49 [notice] 27#27: exit
2022/02/03 20:01:49 [notice] 26#26: exit
2022/02/03 20:01:49 [notice] 28#28: exit
2022/02/03 20:01:49 [notice] 25#25: exit
2022/02/03 20:01:49 [notice] 1#1: signal 17 (SIGCHLD) received from 27
2022/02/03 20:01:49 [notice] 1#1: worker process 27 exited with code 0
2022/02/03 20:01:49 [notice] 1#1: signal 29 (SIGIO) received
2022/02/03 20:01:49 [notice] 1#1: signal 17 (SIGCHLD) received from 25
2022/02/03 20:01:49 [notice] 1#1: worker process 25 exited with code 0
2022/02/03 20:01:49 [notice] 1#1: worker process 28 exited with code 0
2022/02/03 20:01:49 [notice] 1#1: signal 29 (SIGIO) received
2022/02/03 20:01:49 [notice] 1#1: signal 17 (SIGCHLD) received from 26
2022/02/03 20:01:49 [notice] 1#1: worker process 26 exited with code 0
2022/02/03 20:01:49 [notice] 1#1: exit
2022/02/03 20:18:35 [notice] 1#1: using the "epoll" event method
2022/02/03 20:18:35 [notice] 1#1: nginx/1.21.6
2022/02/03 20:18:35 [notice] 1#1: built by gcc 10.2.1 20210110 (Debian 10.2.1-6) 
2022/02/03 20:18:35 [notice] 1#1: OS: Linux 5.16.5-arch1-1
2022/02/03 20:18:35 [notice] 1#1: getrlimit(RLIMIT_NOFILE): 1048576:1048576
2022/02/03 20:18:35 [notice] 1#1: start worker processes
2022/02/03 20:18:35 [notice] 1#1: start worker process 24
2022/02/03 20:18:35 [notice] 1#1: start worker process 25
2022/02/03 20:18:35 [notice] 1#1: start worker process 26
2022/02/03 20:18:35 [notice] 1#1: start worker process 27
2022/02/03 20:18:45 [notice] 1#1: signal 3 (SIGQUIT) received, shutting down
2022/02/03 20:18:45 [notice] 25#25: gracefully shutting down
2022/02/03 20:18:45 [notice] 25#25: exiting
2022/02/03 20:18:45 [notice] 24#24: gracefully shutting down
2022/02/03 20:18:45 [notice] 26#26: gracefully shutting down
2022/02/03 20:18:45 [notice] 24#24: exiting
2022/02/03 20:18:45 [notice] 26#26: exiting
2022/02/03 20:18:45 [notice] 25#25: exit
2022/02/03 20:18:45 [notice] 24#24: exit
2022/02/03 20:18:45 [notice] 26#26: exit
2022/02/03 20:18:45 [notice] 27#27: gracefully shutting down
2022/02/03 20:18:45 [notice] 27#27: exiting
2022/02/03 20:18:45 [notice] 27#27: exit
2022/02/03 20:18:45 [notice] 1#1: signal 17 (SIGCHLD) received from 24
2022/02/03 20:18:45 [notice] 1#1: worker process 24 exited with code 0
2022/02/03 20:18:45 [notice] 1#1: signal 29 (SIGIO) received
2022/02/03 20:18:45 [notice] 1#1: signal 17 (SIGCHLD) received from 27
2022/02/03 20:18:45 [notice] 1#1: worker process 27 exited with code 0
2022/02/03 20:18:45 [notice] 1#1: signal 29 (SIGIO) received
2022/02/03 20:18:45 [notice] 1#1: signal 17 (SIGCHLD) received from 26
2022/02/03 20:18:45 [notice] 1#1: worker process 26 exited with code 0
2022/02/03 20:18:45 [notice] 1#1: signal 29 (SIGIO) received
2022/02/03 20:18:45 [notice] 1#1: signal 17 (SIGCHLD) received from 25
2022/02/03 20:18:45 [notice] 1#1: worker process 25 exited with code 0
2022/02/03 20:18:45 [notice] 1#1: exit
2022/02/03 20:19:40 [notice] 1#1: using the "epoll" event method
2022/02/03 20:19:40 [notice] 1#1: nginx/1.21.6
2022/02/03 20:19:40 [notice] 1#1: built by gcc 10.2.1 20210110 (Debian 10.2.1-6) 
2022/02/03 20:19:40 [notice] 1#1: OS: Linux 5.16.5-arch1-1
2022/02/03 20:19:40 [notice] 1#1: getrlimit(RLIMIT_NOFILE): 1048576:1048576
2022/02/03 20:19:40 [notice] 1#1: start worker processes
2022/02/03 20:19:40 [notice] 1#1: start worker process 24
2022/02/03 20:19:40 [notice] 1#1: start worker process 25
2022/02/03 20:19:40 [notice] 1#1: start worker process 26
2022/02/03 20:19:40 [notice] 1#1: start worker process 27
2022/02/03 20:21:57 [notice] 1#1: signal 3 (SIGQUIT) received, shutting down
2022/02/03 20:21:57 [notice] 24#24: gracefully shutting down
2022/02/03 20:21:57 [notice] 27#27: gracefully shutting down
2022/02/03 20:21:57 [notice] 25#25: gracefully shutting down
2022/02/03 20:21:57 [notice] 24#24: exiting
2022/02/03 20:21:57 [notice] 27#27: exiting
2022/02/03 20:21:57 [notice] 25#25: exiting
2022/02/03 20:21:57 [notice] 27#27: exit
2022/02/03 20:21:57 [notice] 24#24: exit
2022/02/03 20:21:57 [notice] 26#26: gracefully shutting down
2022/02/03 20:21:57 [notice] 25#25: exit
2022/02/03 20:21:57 [notice] 26#26: exiting
2022/02/03 20:21:57 [notice] 26#26: exit
2022/02/03 20:21:57 [notice] 1#1: signal 17 (SIGCHLD) received from 26
2022/02/03 20:21:57 [notice] 1#1: worker process 26 exited with code 0
2022/02/03 20:21:57 [notice] 1#1: signal 29 (SIGIO) received
2022/02/03 20:21:57 [notice] 1#1: signal 17 (SIGCHLD) received from 24
2022/02/03 20:21:57 [notice] 1#1: worker process 24 exited with code 0
2022/02/03 20:21:57 [notice] 1#1: signal 29 (SIGIO) received
2022/02/03 20:21:57 [notice] 1#1: signal 17 (SIGCHLD) received from 27
2022/02/03 20:21:57 [notice] 1#1: worker process 27 exited with code 0
2022/02/03 20:21:57 [notice] 1#1: signal 29 (SIGIO) received
2022/02/03 20:21:57 [notice] 1#1: signal 17 (SIGCHLD) received from 25
2022/02/03 20:21:57 [notice] 1#1: worker process 25 exited with code 0
2022/02/03 20:21:57 [notice] 1#1: exit
